#
# There is insufficient memory for the Java Runtime Environment to continue.
# Native memory allocation (mmap) failed to map 52428800 bytes for Failed to commit area from 0x0000000088000000 to 0x000000008b200000 of length 52428800.
# Possible reasons:
#   The system is out of physical RAM or swap space
#   The process is running with CompressedOops enabled, and the Java Heap may be blocking the growth of the native heap
# Possible solutions:
#   Reduce memory load on the system
#   Increase physical memory or swap space
#   Check if swap backing store is full
#   Decrease Java heap size (-Xmx/-Xms)
#   Decrease number of Java threads
#   Decrease Java thread stack sizes (-Xss)
#   Set larger code cache with -XX:ReservedCodeCacheSize=
#   JVM is running with Unscaled Compressed Oops mode in which the Java heap is
#     placed in the first 4GB address space. The Java Heap base address is the
#     maximum limit for the native heap growth. Please use -XX:HeapBaseMinAddress
#     to set the Java Heap base and to place the Java Heap above 4GB virtual address.
# This output file may be truncated or incomplete.
#
#  Out of Memory Error (./src/hotspot/os/windows/os_windows.cpp:3301), pid=2408, tid=12552
#
# JRE version: OpenJDK Runtime Environment (11.0.10) (build 11.0.10+0-b96-7249189)
# Java VM: OpenJDK 64-Bit Server VM (11.0.10+0-b96-7249189, mixed mode, tiered, compressed oops, g1 gc, windows-amd64)
# No core dump will be written. Minidumps are not enabled by default on client versions of Windows
#

---------------  S U M M A R Y ------------

Command Line: --add-opens=java.base/java.util=ALL-UNNAMED --add-opens=java.base/java.lang=ALL-UNNAMED --add-opens=java.base/java.lang.invoke=ALL-UNNAMED --add-opens=java.base/java.util=ALL-UNNAMED --add-opens=java.prefs/java.util.prefs=ALL-UNNAMED --add-opens=java.prefs/java.util.prefs=ALL-UNNAMED --add-opens=java.base/java.nio.charset=ALL-UNNAMED --add-opens=java.base/java.net=ALL-UNNAMED --add-opens=java.base/java.util.concurrent.atomic=ALL-UNNAMED -Xmx2048m -Dfile.encoding=UTF-8 -Duser.country=IN -Duser.language=en -Duser.variant org.gradle.launcher.daemon.bootstrap.GradleDaemon 7.0.2

Host: Intel(R) Core(TM) i5-9400F CPU @ 2.90GHz, 6 cores, 7G,  Windows 10 , 64 bit Build 19041 (10.0.19041.1202)
Time: Fri Oct 15 15:52:51 2021 India Standard Time elapsed time: 4.910469 seconds (0d 0h 0m 4s)

---------------  T H R E A D  ---------------

Current thread (0x0000025ea4fdb800):  VMThread "VM Thread" [stack: 0x000000f9a1b00000,0x000000f9a1c00000] [id=12552]

Stack: [0x000000f9a1b00000,0x000000f9a1c00000]
[error occurred during error reporting (printing stack bounds), id 0xc0000005, EXCEPTION_ACCESS_VIOLATION (0xc0000005) at pc=0x0000025e8e320f2d]

Native frames: (J=compiled Java code, j=interpreted, Vv=VM code, C=native code)
V  [jvm.dll+0x5ecfaa]
V  [jvm.dll+0x722bd5]
V  [jvm.dll+0x72412d]
V  [jvm.dll+0x724745]
V  [jvm.dll+0x7246fb]
V  [jvm.dll+0x5ec348]
V  [jvm.dll+0x5ecad8]
C  [ntdll.dll+0xa20cf]
C  [ntdll.dll+0x51454]
C  [ntdll.dll+0xa0bfe]
C  0x0000025e8e320f2d

VM_Operation (0x000000f9a31efc30): G1CollectForAllocation, mode: safepoint, requested by thread 0x0000025ea8e21000


---------------  P R O C E S S  ---------------

Threads class SMR info:
_java_thread_list=0x0000025eab5da040, length=46, elements={
0x0000025e8a80c000, 0x0000025ea5019000, 0x0000025ea501c000, 0x0000025ea59b2800,
0x0000025ea5031000, 0x0000025ea5033000, 0x0000025ea5037800, 0x0000025ea503b000,
0x0000025ea5040800, 0x0000025ea5af6000, 0x0000025ea67be000, 0x0000025ea7be6800,
0x0000025ea5d68800, 0x0000025ea7ab8800, 0x0000025ea6fc7000, 0x0000025ea7845800,
0x0000025ea7846000, 0x0000025ea8e21000, 0x0000025ea8e1d000, 0x0000025ea8e1d800,
0x0000025ea8e1b000, 0x0000025ea8e1e800, 0x0000025ea8e20000, 0x0000025ea8e1f800,
0x0000025ea8e22000, 0x0000025ea8e1c000, 0x0000025ea89bd000, 0x0000025ea89bb800,
0x0000025ea89be000, 0x0000025ea89ba800, 0x0000025ea89bf000, 0x0000025ea89c1000,
0x0000025ea89c2000, 0x0000025ea89c0800, 0x0000025ea89bf800, 0x0000025ea89bc800,
0x0000025ea89c3000, 0x0000025ea89c7000, 0x0000025ea89c5800, 0x0000025eaad76000,
0x0000025eaad76800, 0x0000025eaad78800, 0x0000025eaad72800, 0x0000025eaad77800,
0x0000025eaad79000, 0x0000025eaad74000
}

Java Threads: ( => current thread )
  0x0000025e8a80c000 JavaThread "main" [_thread_blocked, id=1016, stack(0x000000f9a1500000,0x000000f9a1600000)]
  0x0000025ea5019000 JavaThread "Reference Handler" daemon [_thread_blocked, id=10344, stack(0x000000f9a1c00000,0x000000f9a1d00000)]
  0x0000025ea501c000 JavaThread "Finalizer" daemon [_thread_blocked, id=13888, stack(0x000000f9a1d00000,0x000000f9a1e00000)]
  0x0000025ea59b2800 JavaThread "Signal Dispatcher" daemon [_thread_blocked, id=3432, stack(0x000000f9a1e00000,0x000000f9a1f00000)]
  0x0000025ea5031000 JavaThread "Attach Listener" daemon [_thread_blocked, id=4892, stack(0x000000f9a1f00000,0x000000f9a2000000)]
  0x0000025ea5033000 JavaThread "Service Thread" daemon [_thread_blocked, id=10404, stack(0x000000f9a2000000,0x000000f9a2100000)]
  0x0000025ea5037800 JavaThread "C2 CompilerThread0" daemon [_thread_blocked, id=12616, stack(0x000000f9a2100000,0x000000f9a2200000)]
  0x0000025ea503b000 JavaThread "C1 CompilerThread0" daemon [_thread_blocked, id=8364, stack(0x000000f9a2200000,0x000000f9a2300000)]
  0x0000025ea5040800 JavaThread "Sweeper thread" daemon [_thread_blocked, id=13196, stack(0x000000f9a2300000,0x000000f9a2400000)]
  0x0000025ea5af6000 JavaThread "Common-Cleaner" daemon [_thread_blocked, id=14012, stack(0x000000f9a2400000,0x000000f9a2500000)]
  0x0000025ea67be000 JavaThread "Daemon health stats" [_thread_blocked, id=12520, stack(0x000000f9a2900000,0x000000f9a2a00000)]
  0x0000025ea7be6800 JavaThread "Incoming local TCP Connector on port 64797" [_thread_in_native, id=4884, stack(0x000000f9a2600000,0x000000f9a2700000)]
  0x0000025ea5d68800 JavaThread "Daemon periodic checks" [_thread_blocked, id=5432, stack(0x000000f9a2c00000,0x000000f9a2d00000)]
  0x0000025ea7ab8800 JavaThread "Daemon" [_thread_blocked, id=2904, stack(0x000000f9a2d00000,0x000000f9a2e00000)]
  0x0000025ea6fc7000 JavaThread "Handler for socket connection from /127.0.0.1:64797 to /127.0.0.1:64798" [_thread_in_native, id=6840, stack(0x000000f9a2e00000,0x000000f9a2f00000)]
  0x0000025ea7845800 JavaThread "C2 CompilerThread1" daemon [_thread_blocked, id=2552, stack(0x000000f9a2f00000,0x000000f9a3000000)]
  0x0000025ea7846000 JavaThread "Cancel handler" [_thread_blocked, id=2368, stack(0x000000f9a3000000,0x000000f9a3100000)]
  0x0000025ea8e21000 JavaThread "Daemon worker" [_thread_blocked, id=11348, stack(0x000000f9a3100000,0x000000f9a3200000)]
  0x0000025ea8e1d000 JavaThread "Asynchronous log dispatcher for DefaultDaemonConnection: socket connection from /127.0.0.1:64797 to /127.0.0.1:64798" [_thread_blocked, id=10692, stack(0x000000f9a3200000,0x000000f9a3300000)]
  0x0000025ea8e1d800 JavaThread "Stdin handler" [_thread_blocked, id=6428, stack(0x000000f9a3300000,0x000000f9a3400000)]
  0x0000025ea8e1b000 JavaThread "Daemon client event forwarder" [_thread_blocked, id=9680, stack(0x000000f9a3400000,0x000000f9a3500000)]
  0x0000025ea8e1e800 JavaThread "Cache worker for file hash cache (C:\Users\USER\.gradle\caches\7.0.2\fileHashes)" [_thread_blocked, id=12548, stack(0x000000f9a3500000,0x000000f9a3600000)]
  0x0000025ea8e20000 JavaThread "File lock request listener" [_thread_in_native, id=5080, stack(0x000000f9a3600000,0x000000f9a3700000)]
  0x0000025ea8e1f800 JavaThread "Cache worker for journal cache (C:\Users\USER\.gradle\caches\journal-1)" [_thread_blocked, id=10440, stack(0x000000f9a3a00000,0x000000f9a3b00000)]
  0x0000025ea8e22000 JavaThread "Cache worker for file hash cache (D:\TOTALFITNESSPLUS\.gradle\7.0.2\fileHashes)" [_thread_blocked, id=10480, stack(0x000000f9a3b00000,0x000000f9a3c00000)]
  0x0000025ea8e1c000 JavaThread "File watcher server" daemon [_thread_in_native, id=2968, stack(0x000000f9a3c00000,0x000000f9a3d00000)]
  0x0000025ea89bd000 JavaThread "File watcher consumer" daemon [_thread_blocked, id=4780, stack(0x000000f9a3d00000,0x000000f9a3e00000)]
  0x0000025ea89bb800 JavaThread "jar transforms" [_thread_blocked, id=6420, stack(0x000000f9a3e00000,0x000000f9a3f00000)]
  0x0000025ea89be000 JavaThread "jar transforms Thread 2" [_thread_blocked, id=7720, stack(0x000000f9a3f00000,0x000000f9a4000000)]
  0x0000025ea89ba800 JavaThread "jar transforms Thread 3" [_thread_blocked, id=10508, stack(0x000000f9a4000000,0x000000f9a4100000)]
  0x0000025ea89bf000 JavaThread "jar transforms Thread 4" [_thread_blocked, id=8836, stack(0x000000f9a4100000,0x000000f9a4200000)]
  0x0000025ea89c1000 JavaThread "jar transforms Thread 5" [_thread_blocked, id=12244, stack(0x000000f9a4200000,0x000000f9a4300000)]
  0x0000025ea89c2000 JavaThread "jar transforms Thread 6" [_thread_blocked, id=13376, stack(0x000000f9a4300000,0x000000f9a4400000)]
  0x0000025ea89c0800 JavaThread "Cache worker for checksums cache (D:\TOTALFITNESSPLUS\.gradle\checksums)" [_thread_blocked, id=5508, stack(0x000000f9a4400000,0x000000f9a4500000)]
  0x0000025ea89bf800 JavaThread "Cache worker for cache directory md-supplier (C:\Users\USER\.gradle\caches\7.0.2\md-supplier)" [_thread_blocked, id=13152, stack(0x000000f9a4500000,0x000000f9a4600000)]
  0x0000025ea89bc800 JavaThread "Cache worker for cache directory md-rule (C:\Users\USER\.gradle\caches\7.0.2\md-rule)" [_thread_blocked, id=7248, stack(0x000000f9a4600000,0x000000f9a4700000)]
  0x0000025ea89c3000 JavaThread "Cache worker for execution history cache (C:\Users\USER\.gradle\caches\7.0.2\executionHistory)" [_thread_blocked, id=3756, stack(0x000000f9a4700000,0x000000f9a4800000)]
  0x0000025ea89c7000 JavaThread "Cache worker for file content cache (C:\Users\USER\.gradle\caches\7.0.2\fileContent)" [_thread_blocked, id=11864, stack(0x000000f9a4800000,0x000000f9a4900000)]
  0x0000025ea89c5800 JavaThread "Cache worker for dependencies-accessors (D:\TOTALFITNESSPLUS\.gradle\7.0.2\dependencies-accessors)" [_thread_blocked, id=13412, stack(0x000000f9a4900000,0x000000f9a4a00000)]
  0x0000025eaad76000 JavaThread "Cache worker for Build Output Cleanup Cache (D:\TOTALFITNESSPLUS\.gradle\buildOutputCleanup)" [_thread_blocked, id=7356, stack(0x000000f9a4a00000,0x000000f9a4b00000)]
  0x0000025eaad76800 JavaThread "Build operations" [_thread_blocked, id=8708, stack(0x000000f9a4b00000,0x000000f9a4c00000)]
  0x0000025eaad78800 JavaThread "Build operations Thread 2" [_thread_blocked, id=9772, stack(0x000000f9a4c00000,0x000000f9a4d00000)]
  0x0000025eaad72800 JavaThread "Build operations Thread 3" [_thread_blocked, id=13708, stack(0x000000f9a4d00000,0x000000f9a4e00000)]
  0x0000025eaad77800 JavaThread "Build operations Thread 4" [_thread_blocked, id=13120, stack(0x000000f9a4e00000,0x000000f9a4f00000)]
  0x0000025eaad79000 JavaThread "Build operations Thread 5" [_thread_blocked, id=1568, stack(0x000000f9a4f00000,0x000000f9a5000000)]
  0x0000025eaad74000 JavaThread "Build operations Thread 6" [_thread_blocked, id=13648, stack(0x000000f9a5000000,0x000000f9a5100000)]

Other Threads:
=>0x0000025ea4fdb800 VMThread "VM Thread" [stack: 0x000000f9a1b00000,0x000000f9a1c00000] [id=12552]
  0x0000025ea5b23800 WatcherThread [stack: 0x000000f9a2500000,0x000000f9a2600000] [id=13044]
  0x0000025e8a825800 GCTaskThread "GC Thread#0" [stack: 0x000000f9a1600000,0x000000f9a1700000] [id=12760]
  0x0000025ea62d3800 GCTaskThread "GC Thread#1" [stack: 0x000000f9a2700000,0x000000f9a2800000] [id=2520]
  0x0000025ea5b95000 GCTaskThread "GC Thread#2" [stack: 0x000000f9a2800000,0x000000f9a2900000] [id=10712]
  0x0000025ea842f000 GCTaskThread "GC Thread#3" [stack: 0x000000f9a2a00000,0x000000f9a2b00000] [id=6048]
  0x0000025ea6d78000 GCTaskThread "GC Thread#4" [stack: 0x000000f9a3700000,0x000000f9a3800000] [id=1336]
  0x0000025ea6919000 GCTaskThread "GC Thread#5" [stack: 0x000000f9a3800000,0x000000f9a3900000] [id=8608]
  0x0000025e8a859000 ConcurrentGCThread "G1 Main Marker" [stack: 0x000000f9a1700000,0x000000f9a1800000] [id=13772]
  0x0000025e8a85a800 ConcurrentGCThread "G1 Conc#0" [stack: 0x000000f9a1800000,0x000000f9a1900000] [id=11776]
  0x0000025ea7a2c800 ConcurrentGCThread "G1 Conc#1" [stack: 0x000000f9a3900000,0x000000f9a3a00000] [id=9540]
  0x0000025e8a8e2000 ConcurrentGCThread "G1 Refine#0" [stack: 0x000000f9a1900000,0x000000f9a1a00000] [id=8180]
  0x0000025ea746d800 ConcurrentGCThread "G1 Refine#1" [stack: 0x000000f9a2b00000,0x000000f9a2c00000] [id=11756]
  0x0000025ea4e70800 ConcurrentGCThread "G1 Young RemSet Sampling" [stack: 0x000000f9a1a00000,0x000000f9a1b00000] [id=7560]

Threads with active compile tasks:
C2 CompilerThread0   4921 5400   !   4       java.util.concurrent.ConcurrentHashMap::computeIfAbsent (576 bytes)
C2 CompilerThread1   4921 5415       4       org.codehaus.groovy.util.LazyReference::get (44 bytes)

VM state:at safepoint (normal execution)

VM Mutex/Monitor currently owned by a thread:  ([mutex/lock_event])
[0x0000025e8a809470] Threads_lock - owner thread: 0x0000025ea4fdb800
[0x0000025e8a808db0] Heap_lock - owner thread: 0x0000025ea8e21000

Heap address: 0x0000000080000000, size: 2048 MB, Compressed Oops mode: 32-bit
Narrow klass base: 0x0000000000000000, Narrow klass shift: 3
Compressed class space size: 1073741824 Address: 0x0000000100000000

Heap:
 garbage-first heap   total 182272K, used 63883K [0x0000000080000000, 0x0000000100000000)
  region size 1024K, 7 young (7168K), 7 survivors (7168K)
 Metaspace       used 49647K, capacity 51154K, committed 51456K, reserved 1093632K
  class space    used 6360K, capacity 6844K, committed 6912K, reserved 1048576K
Heap Regions: E=young(eden), S=young(survivor), O=old, HS=humongous(starts), HC=humongous(continues), CS=collection set, F=free, A=archive, TAMS=top-at-mark-start (previous, next)
|   0|0x0000000080000000, 0x0000000080100000, 0x0000000080100000|100%| O|  |TAMS 0x0000000080100000, 0x0000000080000000| Untracked 
|   1|0x0000000080100000, 0x0000000080200000, 0x0000000080200000|100%| O|  |TAMS 0x0000000080200000, 0x0000000080100000| Untracked 
|   2|0x0000000080200000, 0x0000000080300000, 0x0000000080300000|100%| O|  |TAMS 0x0000000080300000, 0x0000000080200000| Untracked 
|   3|0x0000000080300000, 0x0000000080400000, 0x0000000080400000|100%|HS|  |TAMS 0x0000000080400000, 0x0000000080300000| Complete 
|   4|0x0000000080400000, 0x0000000080500000, 0x0000000080500000|100%|HC|  |TAMS 0x0000000080500000, 0x0000000080400000| Complete 
|   5|0x0000000080500000, 0x0000000080600000, 0x0000000080600000|100%|HC|  |TAMS 0x0000000080600000, 0x0000000080500000| Complete 
|   6|0x0000000080600000, 0x0000000080700000, 0x0000000080700000|100%| O|  |TAMS 0x0000000080700000, 0x0000000080600000| Untracked 
|   7|0x0000000080700000, 0x0000000080800000, 0x0000000080800000|100%| O|  |TAMS 0x0000000080800000, 0x0000000080700000| Untracked 
|   8|0x0000000080800000, 0x0000000080900000, 0x0000000080900000|100%| O|  |TAMS 0x0000000080900000, 0x0000000080800000| Untracked 
|   9|0x0000000080900000, 0x0000000080a00000, 0x0000000080a00000|100%| O|  |TAMS 0x0000000080a00000, 0x0000000080900000| Untracked 
|  10|0x0000000080a00000, 0x0000000080b00000, 0x0000000080b00000|100%| O|  |TAMS 0x0000000080b00000, 0x0000000080a00000| Untracked 
|  11|0x0000000080b00000, 0x0000000080c00000, 0x0000000080c00000|100%| O|  |TAMS 0x0000000080c00000, 0x0000000080b00000| Untracked 
|  12|0x0000000080c00000, 0x0000000080d00000, 0x0000000080d00000|100%| O|  |TAMS 0x0000000080d00000, 0x0000000080c00000| Untracked 
|  13|0x0000000080d00000, 0x0000000080e00000, 0x0000000080e00000|100%| O|  |TAMS 0x0000000080e00000, 0x0000000080d00000| Untracked 
|  14|0x0000000080e00000, 0x0000000080f00000, 0x0000000080f00000|100%| O|  |TAMS 0x0000000080f00000, 0x0000000080e00000| Untracked 
|  15|0x0000000080f00000, 0x0000000081000000, 0x0000000081000000|100%|HS|  |TAMS 0x0000000081000000, 0x0000000080f00000| Complete 
|  16|0x0000000081000000, 0x0000000081100000, 0x0000000081100000|100%|HC|  |TAMS 0x0000000081100000, 0x0000000081000000| Complete 
|  17|0x0000000081100000, 0x0000000081200000, 0x0000000081200000|100%|HS|  |TAMS 0x0000000081200000, 0x0000000081100000| Complete 
|  18|0x0000000081200000, 0x0000000081300000, 0x0000000081300000|100%|HC|  |TAMS 0x0000000081300000, 0x0000000081200000| Complete 
|  19|0x0000000081300000, 0x0000000081400000, 0x0000000081400000|100%|HC|  |TAMS 0x0000000081400000, 0x0000000081300000| Complete 
|  20|0x0000000081400000, 0x0000000081500000, 0x0000000081500000|100%|HS|  |TAMS 0x0000000081500000, 0x0000000081400000| Complete 
|  21|0x0000000081500000, 0x0000000081600000, 0x0000000081600000|100%|HC|  |TAMS 0x0000000081600000, 0x0000000081500000| Complete 
|  22|0x0000000081600000, 0x0000000081700000, 0x0000000081700000|100%|HC|  |TAMS 0x0000000081700000, 0x0000000081600000| Complete 
|  23|0x0000000081700000, 0x0000000081800000, 0x0000000081800000|100%|HC|  |TAMS 0x0000000081800000, 0x0000000081700000| Complete 
|  24|0x0000000081800000, 0x0000000081900000, 0x0000000081900000|100%|HC|  |TAMS 0x0000000081900000, 0x0000000081800000| Complete 
|  25|0x0000000081900000, 0x0000000081a00000, 0x0000000081a00000|100%| O|  |TAMS 0x0000000081a00000, 0x0000000081900000| Untracked 
|  26|0x0000000081a00000, 0x0000000081b00000, 0x0000000081b00000|100%| O|  |TAMS 0x0000000081b00000, 0x0000000081a00000| Untracked 
|  27|0x0000000081b00000, 0x0000000081c00000, 0x0000000081c00000|100%| O|  |TAMS 0x0000000081c00000, 0x0000000081b00000| Untracked 
|  28|0x0000000081c00000, 0x0000000081d00000, 0x0000000081d00000|100%| O|  |TAMS 0x0000000081d00000, 0x0000000081c00000| Untracked 
|  29|0x0000000081d00000, 0x0000000081e00000, 0x0000000081e00000|100%| O|  |TAMS 0x0000000081e00000, 0x0000000081d00000| Untracked 
|  30|0x0000000081e00000, 0x0000000081f00000, 0x0000000081f00000|100%| O|  |TAMS 0x0000000081f00000, 0x0000000081e00000| Untracked 
|  31|0x0000000081f00000, 0x0000000082000000, 0x0000000082000000|100%| O|  |TAMS 0x0000000081f5f200, 0x0000000081f00000| Untracked 
|  32|0x0000000082000000, 0x0000000082100000, 0x0000000082100000|100%|HS|  |TAMS 0x0000000082000000, 0x0000000082000000| Complete 
|  33|0x0000000082100000, 0x0000000082200000, 0x0000000082200000|100%|HC|  |TAMS 0x0000000082100000, 0x0000000082100000| Complete 
|  34|0x0000000082200000, 0x0000000082300000, 0x0000000082300000|100%|HC|  |TAMS 0x0000000082200000, 0x0000000082200000| Complete 
|  35|0x0000000082300000, 0x0000000082400000, 0x0000000082400000|100%|HC|  |TAMS 0x0000000082300000, 0x0000000082300000| Complete 
|  36|0x0000000082400000, 0x0000000082500000, 0x0000000082500000|100%|HC|  |TAMS 0x0000000082400000, 0x0000000082400000| Complete 
|  37|0x0000000082500000, 0x0000000082600000, 0x0000000082600000|100%|HS|  |TAMS 0x0000000082500000, 0x0000000082500000| Complete 
|  38|0x0000000082600000, 0x0000000082700000, 0x0000000082700000|100%|HC|  |TAMS 0x0000000082600000, 0x0000000082600000| Complete 
|  39|0x0000000082700000, 0x0000000082800000, 0x0000000082800000|100%|HC|  |TAMS 0x0000000082700000, 0x0000000082700000| Complete 
|  40|0x0000000082800000, 0x0000000082900000, 0x0000000082900000|100%| O|  |TAMS 0x0000000082800000, 0x0000000082800000| Untracked 
|  41|0x0000000082900000, 0x0000000082a00000, 0x0000000082a00000|100%| O|  |TAMS 0x0000000082900000, 0x0000000082900000| Untracked 
|  42|0x0000000082a00000, 0x0000000082b00000, 0x0000000082b00000|100%| O|  |TAMS 0x0000000082a00000, 0x0000000082a00000| Untracked 
|  43|0x0000000082b00000, 0x0000000082c00000, 0x0000000082c00000|100%| O|  |TAMS 0x0000000082b00000, 0x0000000082b00000| Untracked 
|  44|0x0000000082c00000, 0x0000000082d00000, 0x0000000082d00000|100%| O|  |TAMS 0x0000000082c00000, 0x0000000082c00000| Untracked 
|  45|0x0000000082d00000, 0x0000000082e00000, 0x0000000082e00000|100%| O|  |TAMS 0x0000000082d00000, 0x0000000082d00000| Untracked 
|  46|0x0000000082e00000, 0x0000000082f00000, 0x0000000082f00000|100%| O|  |TAMS 0x0000000082e00000, 0x0000000082e00000| Untracked 
|  47|0x0000000082f00000, 0x0000000083000000, 0x0000000083000000|100%| O|  |TAMS 0x0000000082f00000, 0x0000000082f00000| Untracked 
|  48|0x0000000083000000, 0x0000000083100000, 0x0000000083100000|100%| O|  |TAMS 0x0000000083000000, 0x0000000083000000| Untracked 
|  49|0x0000000083100000, 0x0000000083200000, 0x0000000083200000|100%| O|  |TAMS 0x0000000083100000, 0x0000000083100000| Untracked 
|  50|0x0000000083200000, 0x0000000083300000, 0x0000000083300000|100%| O|  |TAMS 0x0000000083200000, 0x0000000083200000| Untracked 
|  51|0x0000000083300000, 0x0000000083400000, 0x0000000083400000|100%| O|  |TAMS 0x0000000083300000, 0x0000000083300000| Untracked 
|  52|0x0000000083400000, 0x000000008348c800, 0x0000000083500000| 54%| O|  |TAMS 0x0000000083400000, 0x0000000083400000| Untracked 
|  53|0x0000000083500000, 0x0000000083600000, 0x0000000083600000|100%|HS|  |TAMS 0x0000000083500000, 0x0000000083500000| Complete 
|  54|0x0000000083600000, 0x0000000083700000, 0x0000000083700000|100%|HS|  |TAMS 0x0000000083600000, 0x0000000083600000| Complete 
|  55|0x0000000083700000, 0x0000000083800000, 0x0000000083800000|100%|HS|  |TAMS 0x0000000083700000, 0x0000000083700000| Complete 
|  56|0x0000000083800000, 0x0000000083800000, 0x0000000083900000|  0%| F|  |TAMS 0x0000000083800000, 0x0000000083800000| Untracked 
|  57|0x0000000083900000, 0x0000000083900000, 0x0000000083a00000|  0%| F|  |TAMS 0x0000000083900000, 0x0000000083900000| Untracked 
|  58|0x0000000083a00000, 0x0000000083a00000, 0x0000000083b00000|  0%| F|  |TAMS 0x0000000083a00000, 0x0000000083a00000| Untracked 
|  59|0x0000000083b00000, 0x0000000083b00000, 0x0000000083c00000|  0%| F|  |TAMS 0x0000000083b00000, 0x0000000083b00000| Untracked 
|  60|0x0000000083c00000, 0x0000000083c00000, 0x0000000083d00000|  0%| F|  |TAMS 0x0000000083c00000, 0x0000000083c00000| Untracked 
|  61|0x0000000083d00000, 0x0000000083d00000, 0x0000000083e00000|  0%| F|  |TAMS 0x0000000083d00000, 0x0000000083d00000| Untracked 
|  62|0x0000000083e00000, 0x0000000083e00000, 0x0000000083f00000|  0%| F|  |TAMS 0x0000000083e00000, 0x0000000083e00000| Untracked 
|  63|0x0000000083f00000, 0x0000000083f00000, 0x0000000084000000|  0%| F|  |TAMS 0x0000000083f00000, 0x0000000083f00000| Untracked 
|  64|0x0000000084000000, 0x0000000084000000, 0x0000000084100000|  0%| F|  |TAMS 0x0000000084000000, 0x0000000084000000| Untracked 
|  65|0x0000000084100000, 0x0000000084100000, 0x0000000084200000|  0%| F|  |TAMS 0x0000000084100000, 0x0000000084100000| Untracked 
|  66|0x0000000084200000, 0x0000000084200000, 0x0000000084300000|  0%| F|  |TAMS 0x0000000084200000, 0x0000000084200000| Untracked 
|  67|0x0000000084300000, 0x0000000084300000, 0x0000000084400000|  0%| F|  |TAMS 0x0000000084300000, 0x0000000084300000| Untracked 
|  68|0x0000000084400000, 0x0000000084400000, 0x0000000084500000|  0%| F|  |TAMS 0x0000000084400000, 0x0000000084400000| Untracked 
|  69|0x0000000084500000, 0x0000000084500000, 0x0000000084600000|  0%| F|  |TAMS 0x0000000084500000, 0x0000000084500000| Untracked 
|  70|0x0000000084600000, 0x0000000084600000, 0x0000000084700000|  0%| F|  |TAMS 0x0000000084600000, 0x0000000084600000| Untracked 
|  71|0x0000000084700000, 0x0000000084700000, 0x0000000084800000|  0%| F|  |TAMS 0x0000000084700000, 0x0000000084700000| Untracked 
|  72|0x0000000084800000, 0x00000000848d6670, 0x0000000084900000| 83%| S|CS|TAMS 0x0000000084800000, 0x0000000084800000| Complete 
|  73|0x0000000084900000, 0x0000000084a00000, 0x0000000084a00000|100%| S|CS|TAMS 0x0000000084900000, 0x0000000084900000| Complete 
|  74|0x0000000084a00000, 0x0000000084b00000, 0x0000000084b00000|100%| S|CS|TAMS 0x0000000084a00000, 0x0000000084a00000| Complete 
|  75|0x0000000084b00000, 0x0000000084c00000, 0x0000000084c00000|100%| S|CS|TAMS 0x0000000084b00000, 0x0000000084b00000| Complete 
|  76|0x0000000084c00000, 0x0000000084d00000, 0x0000000084d00000|100%| S|CS|TAMS 0x0000000084c00000, 0x0000000084c00000| Complete 
|  77|0x0000000084d00000, 0x0000000084d00000, 0x0000000084e00000|  0%| F|  |TAMS 0x0000000084d00000, 0x0000000084d00000| Untracked 
|  78|0x0000000084e00000, 0x0000000084e00000, 0x0000000084f00000|  0%| F|  |TAMS 0x0000000084e00000, 0x0000000084e00000| Untracked 
|  79|0x0000000084f00000, 0x0000000084f00000, 0x0000000085000000|  0%| F|  |TAMS 0x0000000084f00000, 0x0000000084f00000| Untracked 
|  80|0x0000000085000000, 0x0000000085100000, 0x0000000085100000|100%| S|CS|TAMS 0x0000000085000000, 0x0000000085000000| Complete 
|  81|0x0000000085100000, 0x0000000085200000, 0x0000000085200000|100%| S|CS|TAMS 0x0000000085100000, 0x0000000085100000| Complete 
|  82|0x0000000085200000, 0x0000000085200000, 0x0000000085300000|  0%| F|  |TAMS 0x0000000085200000, 0x0000000085200000| Untracked 
|  83|0x0000000085300000, 0x0000000085300000, 0x0000000085400000|  0%| F|  |TAMS 0x0000000085300000, 0x0000000085300000| Untracked 
|  84|0x0000000085400000, 0x0000000085400000, 0x0000000085500000|  0%| F|  |TAMS 0x0000000085400000, 0x0000000085400000| Untracked 
|  85|0x0000000085500000, 0x0000000085500000, 0x0000000085600000|  0%| F|  |TAMS 0x0000000085500000, 0x0000000085500000| Untracked 
|  86|0x0000000085600000, 0x0000000085600000, 0x0000000085700000|  0%| F|  |TAMS 0x0000000085600000, 0x0000000085600000| Untracked 
|  87|0x0000000085700000, 0x0000000085700000, 0x0000000085800000|  0%| F|  |TAMS 0x0000000085700000, 0x0000000085700000| Untracked 
|  88|0x0000000085800000, 0x0000000085800000, 0x0000000085900000|  0%| F|  |TAMS 0x0000000085800000, 0x0000000085800000| Untracked 
|  89|0x0000000085900000, 0x0000000085900000, 0x0000000085a00000|  0%| F|  |TAMS 0x0000000085900000, 0x0000000085900000| Untracked 
|  90|0x0000000085a00000, 0x0000000085a00000, 0x0000000085b00000|  0%| F|  |TAMS 0x0000000085a00000, 0x0000000085a00000| Untracked 
|  91|0x0000000085b00000, 0x0000000085b00000, 0x0000000085c00000|  0%| F|  |TAMS 0x0000000085b00000, 0x0000000085b00000| Untracked 
|  92|0x0000000085c00000, 0x0000000085c00000, 0x0000000085d00000|  0%| F|  |TAMS 0x0000000085c00000, 0x0000000085c00000| Untracked 
|  93|0x0000000085d00000, 0x0000000085d00000, 0x0000000085e00000|  0%| F|  |TAMS 0x0000000085d00000, 0x0000000085d00000| Untracked 
|  94|0x0000000085e00000, 0x0000000085e00000, 0x0000000085f00000|  0%| F|  |TAMS 0x0000000085e00000, 0x0000000085e00000| Untracked 
|  95|0x0000000085f00000, 0x0000000085f00000, 0x0000000086000000|  0%| F|  |TAMS 0x0000000085f00000, 0x0000000085f00000| Untracked 
|  96|0x0000000086000000, 0x0000000086000000, 0x0000000086100000|  0%| F|  |TAMS 0x0000000086000000, 0x0000000086000000| Untracked 
|  97|0x0000000086100000, 0x0000000086100000, 0x0000000086200000|  0%| F|  |TAMS 0x0000000086100000, 0x0000000086100000| Untracked 
|  98|0x0000000086200000, 0x0000000086200000, 0x0000000086300000|  0%| F|  |TAMS 0x0000000086200000, 0x0000000086200000| Untracked 
|  99|0x0000000086300000, 0x0000000086300000, 0x0000000086400000|  0%| F|  |TAMS 0x0000000086300000, 0x0000000086300000| Untracked 
| 100|0x0000000086400000, 0x0000000086400000, 0x0000000086500000|  0%| F|  |TAMS 0x0000000086400000, 0x0000000086400000| Untracked 
| 101|0x0000000086500000, 0x0000000086500000, 0x0000000086600000|  0%| F|  |TAMS 0x0000000086500000, 0x0000000086500000| Untracked 
| 102|0x0000000086600000, 0x0000000086600000, 0x0000000086700000|  0%| F|  |TAMS 0x0000000086600000, 0x0000000086600000| Untracked 
| 103|0x0000000086700000, 0x0000000086700000, 0x0000000086800000|  0%| F|  |TAMS 0x0000000086700000, 0x0000000086700000| Untracked 
| 104|0x0000000086800000, 0x0000000086800000, 0x0000000086900000|  0%| F|  |TAMS 0x0000000086800000, 0x0000000086800000| Untracked 
| 105|0x0000000086900000, 0x0000000086900000, 0x0000000086a00000|  0%| F|  |TAMS 0x0000000086900000, 0x0000000086900000| Untracked 
| 106|0x0000000086a00000, 0x0000000086a00000, 0x0000000086b00000|  0%| F|  |TAMS 0x0000000086a00000, 0x0000000086a00000| Untracked 
| 107|0x0000000086b00000, 0x0000000086b00000, 0x0000000086c00000|  0%| F|  |TAMS 0x0000000086b00000, 0x0000000086b00000| Untracked 
| 108|0x0000000086c00000, 0x0000000086c00000, 0x0000000086d00000|  0%| F|  |TAMS 0x0000000086c00000, 0x0000000086c00000| Untracked 
| 109|0x0000000086d00000, 0x0000000086d00000, 0x0000000086e00000|  0%| F|  |TAMS 0x0000000086d00000, 0x0000000086d00000| Untracked 
| 110|0x0000000086e00000, 0x0000000086e00000, 0x0000000086f00000|  0%| F|  |TAMS 0x0000000086e00000, 0x0000000086e00000| Untracked 
| 111|0x0000000086f00000, 0x0000000086f00000, 0x0000000087000000|  0%| F|  |TAMS 0x0000000086f00000, 0x0000000086f00000| Untracked 
| 112|0x0000000087000000, 0x0000000087000000, 0x0000000087100000|  0%| F|  |TAMS 0x0000000087000000, 0x0000000087000000| Untracked 
| 113|0x0000000087100000, 0x0000000087100000, 0x0000000087200000|  0%| F|  |TAMS 0x0000000087100000, 0x0000000087100000| Untracked 
| 114|0x0000000087200000, 0x0000000087200000, 0x0000000087300000|  0%| F|  |TAMS 0x0000000087200000, 0x0000000087200000| Untracked 
| 115|0x0000000087300000, 0x0000000087300000, 0x0000000087400000|  0%| F|  |TAMS 0x0000000087300000, 0x0000000087300000| Untracked 
| 116|0x0000000087400000, 0x0000000087400000, 0x0000000087500000|  0%| F|  |TAMS 0x0000000087400000, 0x0000000087400000| Untracked 
| 117|0x0000000087500000, 0x0000000087500000, 0x0000000087600000|  0%| F|  |TAMS 0x0000000087500000, 0x0000000087500000| Untracked 
| 118|0x0000000087600000, 0x0000000087600000, 0x0000000087700000|  0%| F|  |TAMS 0x0000000087600000, 0x0000000087600000| Untracked 
| 119|0x0000000087700000, 0x0000000087700000, 0x0000000087800000|  0%| F|  |TAMS 0x0000000087700000, 0x0000000087700000| Untracked 
| 120|0x0000000087800000, 0x0000000087800000, 0x0000000087900000|  0%| F|  |TAMS 0x0000000087800000, 0x0000000087800000| Untracked 
| 121|0x0000000087900000, 0x0000000087900000, 0x0000000087a00000|  0%| F|  |TAMS 0x0000000087900000, 0x0000000087900000| Untracked 
| 122|0x0000000087a00000, 0x0000000087a00000, 0x0000000087b00000|  0%| F|  |TAMS 0x0000000087a00000, 0x0000000087a00000| Untracked 
| 123|0x0000000087b00000, 0x0000000087b00000, 0x0000000087c00000|  0%| F|  |TAMS 0x0000000087b00000, 0x0000000087b00000| Untracked 
| 124|0x0000000087c00000, 0x0000000087c00000, 0x0000000087d00000|  0%| F|  |TAMS 0x0000000087c00000, 0x0000000087c00000| Untracked 
| 125|0x0000000087d00000, 0x0000000087d00000, 0x0000000087e00000|  0%| F|  |TAMS 0x0000000087d00000, 0x0000000087d00000| Untracked 
| 126|0x0000000087e00000, 0x0000000087e00000, 0x0000000087f00000|  0%| F|  |TAMS 0x0000000087e00000, 0x0000000087e00000| Untracked 
| 127|0x0000000087f00000, 0x0000000087f00000, 0x0000000088000000|  0%| F|  |TAMS 0x0000000087f00000, 0x0000000087f00000| Untracked 

Card table byte_map: [0x0000025e9df70000,0x0000025e9e370000] _byte_map_base: 0x0000025e9db70000

Marking Bits (Prev, Next): (CMBitMap*) 0x0000025e8a850320, (CMBitMap*) 0x0000025e8a8502e8
 Prev Bits: [0x0000025ea0770000, 0x0000025ea2770000)
 Next Bits: [0x0000025e9e770000, 0x0000025ea0770000)

Polling page: 0x0000025e8e300000

Metaspace:

Usage:
  Non-class:     43.27 MB capacity,    42.27 MB ( 98%) used,   889.14 KB (  2%) free+waste,   134.25 KB ( <1%) overhead. 
      Class:      6.68 MB capacity,     6.21 MB ( 93%) used,   418.87 KB (  6%) free+waste,    64.50 KB ( <1%) overhead. 
       Both:     49.96 MB capacity,    48.48 MB ( 97%) used,     1.28 MB (  3%) free+waste,   198.75 KB ( <1%) overhead. 

Virtual space:
  Non-class space:       44.00 MB reserved,      43.50 MB ( 99%) committed 
      Class space:        1.00 GB reserved,       6.75 MB ( <1%) committed 
             Both:        1.04 GB reserved,      50.25 MB (  5%) committed 

Chunk freelists:
   Non-Class:  42.00 KB
       Class:  4.00 KB
        Both:  46.00 KB

MaxMetaspaceSize: 17179869184.00 GB
CompressedClassSpaceSize: 1.00 GB

CodeHeap 'non-profiled nmethods': size=120064Kb used=2642Kb max_used=2642Kb free=117421Kb
 bounds [0x0000025e95de0000, 0x0000025e96080000, 0x0000025e9d320000]
CodeHeap 'profiled nmethods': size=120000Kb used=10620Kb max_used=10620Kb free=109379Kb
 bounds [0x0000025e8e8b0000, 0x0000025e8f310000, 0x0000025e95de0000]
CodeHeap 'non-nmethods': size=5696Kb used=2243Kb max_used=2279Kb free=3452Kb
 bounds [0x0000025e8e320000, 0x0000025e8e590000, 0x0000025e8e8b0000]
 total_blobs=6204 nmethods=5406 adapters=707
 compilation: enabled
              stopped_count=0, restarted_count=0
 full_count=0

Compilation events (20 events):
Event: 4.882 Thread 0x0000025ea503b000 5414       3       org.gradle.internal.logging.progress.DefaultProgressLoggerFactory$ProgressLoggerImpl::ensureNotNull (11 bytes)
Event: 4.882 Thread 0x0000025ea503b000 nmethod 5414 0x0000025e8f308710 code [0x0000025e8f3088c0, 0x0000025e8f308a18]
Event: 4.883 Thread 0x0000025ea7845800 nmethod 5412 0x0000025e96073d10 code [0x0000025e96073ec0, 0x0000025e96074438]
Event: 4.883 Thread 0x0000025ea7845800 5415       4       org.codehaus.groovy.util.LazyReference::get (44 bytes)
Event: 4.890 Thread 0x0000025ea503b000 5421       3       java.io.RandomAccessFile::<init> (263 bytes)
Event: 4.891 Thread 0x0000025ea503b000 nmethod 5421 0x0000025e8f308a90 code [0x0000025e8f308f00, 0x0000025e8f30ae28]
Event: 4.891 Thread 0x0000025ea503b000 5422       3       java.io.RandomAccessFile::open (7 bytes)
Event: 4.891 Thread 0x0000025ea503b000 nmethod 5422 0x0000025e8f30b990 code [0x0000025e8f30bb40, 0x0000025e8f30bc68]
Event: 4.898 Thread 0x0000025ea503b000 5424       3       java.util.zip.ZipUtils::ENDSIZ (7 bytes)
Event: 4.899 Thread 0x0000025ea503b000 nmethod 5424 0x0000025e8f30bd10 code [0x0000025e8f30bee0, 0x0000025e8f30c198]
Event: 4.899 Thread 0x0000025ea503b000 5425       3       java.util.zip.ZipUtils::ENDOFF (7 bytes)
Event: 4.899 Thread 0x0000025ea503b000 nmethod 5425 0x0000025e8f30c310 code [0x0000025e8f30c4e0, 0x0000025e8f30c798]
Event: 4.899 Thread 0x0000025ea503b000 5426       3       java.util.zip.ZipUtils::ENDCOM (7 bytes)
Event: 4.899 Thread 0x0000025ea503b000 nmethod 5426 0x0000025e8f30c910 code [0x0000025e8f30cac0, 0x0000025e8f30cc58]
Event: 4.899 Thread 0x0000025ea503b000 5427       3       java.util.zip.ZipUtils::GETSIG (6 bytes)
Event: 4.899 Thread 0x0000025ea503b000 nmethod 5427 0x0000025e8f30cd90 code [0x0000025e8f30cf60, 0x0000025e8f30d218]
Event: 4.899 Thread 0x0000025ea503b000 5428       3       jdk.internal.loader.URLClassPath$3::run (5 bytes)
Event: 4.899 Thread 0x0000025ea503b000 nmethod 5428 0x0000025e8f30d390 code [0x0000025e8f30d540, 0x0000025e8f30d688]
Event: 4.899 Thread 0x0000025ea503b000 5429       3       jdk.internal.loader.URLClassPath$3::run (172 bytes)
Event: 4.900 Thread 0x0000025ea503b000 nmethod 5429 0x0000025e8f30d710 code [0x0000025e8f30da40, 0x0000025e8f30eb88]

GC Heap History (19 events):
Event: 0.649 GC heap before
{Heap before GC invocations=0 (full 0):
 garbage-first heap   total 131072K, used 27648K [0x0000000080000000, 0x0000000100000000)
  region size 1024K, 22 young (22528K), 0 survivors (0K)
 Metaspace       used 10004K, capacity 10205K, committed 10368K, reserved 1058816K
  class space    used 1037K, capacity 1108K, committed 1152K, reserved 1048576K
}
Event: 0.687 GC heap after
{Heap after GC invocations=1 (full 0):
 garbage-first heap   total 131072K, used 9410K [0x0000000080000000, 0x0000000100000000)
  region size 1024K, 3 young (3072K), 3 survivors (3072K)
 Metaspace       used 10004K, capacity 10205K, committed 10368K, reserved 1058816K
  class space    used 1037K, capacity 1108K, committed 1152K, reserved 1048576K
}
Event: 1.190 GC heap before
{Heap before GC invocations=1 (full 0):
 garbage-first heap   total 131072K, used 65730K [0x0000000080000000, 0x0000000100000000)
  region size 1024K, 58 young (59392K), 3 survivors (3072K)
 Metaspace       used 13685K, capacity 14075K, committed 14208K, reserved 1062912K
  class space    used 1527K, capacity 1654K, committed 1664K, reserved 1048576K
}
Event: 1.194 GC heap after
{Heap after GC invocations=2 (full 0):
 garbage-first heap   total 131072K, used 15032K [0x0000000080000000, 0x0000000100000000)
  region size 1024K, 8 young (8192K), 8 survivors (8192K)
 Metaspace       used 13685K, capacity 14075K, committed 14208K, reserved 1062912K
  class space    used 1527K, capacity 1654K, committed 1664K, reserved 1048576K
}
Event: 2.188 GC heap before
{Heap before GC invocations=2 (full 0):
 garbage-first heap   total 131072K, used 57016K [0x0000000080000000, 0x0000000100000000)
  region size 1024K, 50 young (51200K), 8 survivors (8192K)
 Metaspace       used 20594K, capacity 21127K, committed 21248K, reserved 1067008K
  class space    used 2517K, capacity 2733K, committed 2816K, reserved 1048576K
}
Event: 2.193 GC heap after
{Heap after GC invocations=3 (full 0):
 garbage-first heap   total 131072K, used 17084K [0x0000000080000000, 0x0000000100000000)
  region size 1024K, 2 young (2048K), 2 survivors (2048K)
 Metaspace       used 20594K, capacity 21127K, committed 21248K, reserved 1067008K
  class space    used 2517K, capacity 2733K, committed 2816K, reserved 1048576K
}
Event: 2.660 GC heap before
{Heap before GC invocations=4 (full 0):
 garbage-first heap   total 131072K, used 85692K [0x0000000080000000, 0x0000000100000000)
  region size 1024K, 59 young (60416K), 2 survivors (2048K)
 Metaspace       used 26378K, capacity 27083K, committed 27392K, reserved 1073152K
  class space    used 3465K, capacity 3741K, committed 3840K, reserved 1048576K
}
Event: 2.664 GC heap after
{Heap after GC invocations=5 (full 0):
 garbage-first heap   total 131072K, used 32338K [0x0000000080000000, 0x0000000100000000)
  region size 1024K, 7 young (7168K), 7 survivors (7168K)
 Metaspace       used 26378K, capacity 27083K, committed 27392K, reserved 1073152K
  class space    used 3465K, capacity 3741K, committed 3840K, reserved 1048576K
}
Event: 3.177 GC heap before
{Heap before GC invocations=5 (full 0):
 garbage-first heap   total 131072K, used 87634K [0x0000000080000000, 0x0000000100000000)
  region size 1024K, 61 young (62464K), 7 survivors (7168K)
 Metaspace       used 33295K, capacity 34145K, committed 34176K, reserved 1079296K
  class space    used 4414K, capacity 4732K, committed 4736K, reserved 1048576K
}
Event: 3.182 GC heap after
{Heap after GC invocations=6 (full 0):
 garbage-first heap   total 131072K, used 35467K [0x0000000080000000, 0x0000000100000000)
  region size 1024K, 4 young (4096K), 4 survivors (4096K)
 Metaspace       used 33295K, capacity 34145K, committed 34176K, reserved 1079296K
  class space    used 4414K, capacity 4732K, committed 4736K, reserved 1048576K
}
Event: 3.232 GC heap before
{Heap before GC invocations=6 (full 0):
 garbage-first heap   total 131072K, used 39563K [0x0000000080000000, 0x0000000100000000)
  region size 1024K, 9 young (9216K), 4 survivors (4096K)
 Metaspace       used 34845K, capacity 35731K, committed 35840K, reserved 1081344K
  class space    used 4560K, capacity 4899K, committed 4992K, reserved 1048576K
}
Event: 3.237 GC heap after
{Heap after GC invocations=7 (full 0):
 garbage-first heap   total 131072K, used 36084K [0x0000000080000000, 0x0000000100000000)
  region size 1024K, 4 young (4096K), 4 survivors (4096K)
 Metaspace       used 34845K, capacity 35731K, committed 35840K, reserved 1081344K
  class space    used 4560K, capacity 4899K, committed 4992K, reserved 1048576K
}
Event: 3.713 GC heap before
{Heap before GC invocations=8 (full 0):
 garbage-first heap   total 131072K, used 95476K [0x0000000080000000, 0x0000000100000000)
  region size 1024K, 60 young (61440K), 4 survivors (4096K)
 Metaspace       used 40568K, capacity 41607K, committed 41728K, reserved 1085440K
  class space    used 5210K, capacity 5577K, committed 5632K, reserved 1048576K
}
Event: 3.721 GC heap after
{Heap after GC invocations=9 (full 0):
 garbage-first heap   total 131072K, used 39873K [0x0000000080000000, 0x0000000100000000)
  region size 1024K, 8 young (8192K), 8 survivors (8192K)
 Metaspace       used 40568K, capacity 41607K, committed 41728K, reserved 1085440K
  class space    used 5210K, capacity 5577K, committed 5632K, reserved 1048576K
}
Event: 4.139 GC heap before
{Heap before GC invocations=10 (full 0):
 garbage-first heap   total 131072K, used 105409K [0x0000000080000000, 0x0000000100000000)
  region size 1024K, 64 young (65536K), 8 survivors (8192K)
 Metaspace       used 44424K, capacity 45683K, committed 45824K, reserved 1089536K
  class space    used 5597K, capacity 6053K, committed 6144K, reserved 1048576K
}
Event: 4.147 GC heap after
{Heap after GC invocations=11 (full 0):
 garbage-first heap   total 131072K, used 53107K [0x0000000080000000, 0x0000000100000000)
  region size 1024K, 8 young (8192K), 8 survivors (8192K)
 Metaspace       used 44424K, capacity 45683K, committed 45824K, reserved 1089536K
  class space    used 5597K, capacity 6053K, committed 6144K, reserved 1048576K
}
Event: 4.478 GC heap before
{Heap before GC invocations=11 (full 0):
 garbage-first heap   total 131072K, used 102259K [0x0000000080000000, 0x0000000100000000)
  region size 1024K, 56 young (57344K), 8 survivors (8192K)
 Metaspace       used 47378K, capacity 48795K, committed 48896K, reserved 1091584K
  class space    used 6087K, capacity 6558K, committed 6656K, reserved 1048576K
}
Event: 4.485 GC heap after
{Heap after GC invocations=12 (full 0):
 garbage-first heap   total 131072K, used 56882K [0x0000000080000000, 0x0000000100000000)
  region size 1024K, 3 young (3072K), 3 survivors (3072K)
 Metaspace       used 47378K, capacity 48795K, committed 48896K, reserved 1091584K
  class space    used 6087K, capacity 6558K, committed 6656K, reserved 1048576K
}
Event: 4.902 GC heap before
{Heap before GC invocations=12 (full 0):
 garbage-first heap   total 131072K, used 106034K [0x0000000080000000, 0x0000000100000000)
  region size 1024K, 49 young (50176K), 3 survivors (3072K)
 Metaspace       used 49647K, capacity 51154K, committed 51456K, reserved 1093632K
  class space    used 6360K, capacity 6844K, committed 6912K, reserved 1048576K
}

Deoptimization events (20 events):
Event: 4.816 Thread 0x0000025ea8e21000 DEOPT PACKING pc=0x0000025e96058b70 sp=0x000000f9a31fa6b0
Event: 4.816 Thread 0x0000025ea8e21000 DEOPT UNPACKING pc=0x0000025e8e3478af sp=0x000000f9a31fa608 mode 2
Event: 4.816 Thread 0x0000025ea8e21000 DEOPT PACKING pc=0x0000025e8efaf3f4 sp=0x000000f9a31fa310
Event: 4.816 Thread 0x0000025ea8e21000 DEOPT UNPACKING pc=0x0000025e8e3476ce sp=0x000000f9a31f98b0 mode 0
Event: 4.818 Thread 0x0000025ea8e21000 DEOPT PACKING pc=0x0000025e8efaf3f4 sp=0x000000f9a31fa310
Event: 4.818 Thread 0x0000025ea8e21000 DEOPT UNPACKING pc=0x0000025e8e3476ce sp=0x000000f9a31f98b0 mode 0
Event: 4.818 Thread 0x0000025ea8e1f800 DEOPT PACKING pc=0x0000025e8ebebb7a sp=0x000000f9a3afe490
Event: 4.818 Thread 0x0000025ea8e1f800 DEOPT UNPACKING pc=0x0000025e8e3476ce sp=0x000000f9a3afd8c8 mode 0
Event: 4.859 Thread 0x0000025ea8e21000 DEOPT PACKING pc=0x0000025e8e948c34 sp=0x000000f9a31f9fd0
Event: 4.859 Thread 0x0000025ea8e21000 DEOPT UNPACKING pc=0x0000025e8e3476ce sp=0x000000f9a31f9520 mode 0
Event: 4.860 Thread 0x0000025ea8e21000 DEOPT PACKING pc=0x0000025e8f2ee1f1 sp=0x000000f9a31f9f90
Event: 4.860 Thread 0x0000025ea8e21000 DEOPT UNPACKING pc=0x0000025e8e3476ce sp=0x000000f9a31f9488 mode 0
Event: 4.863 Thread 0x0000025ea8e21000 DEOPT PACKING pc=0x0000025e8f2ee1f1 sp=0x000000f9a31f9f90
Event: 4.863 Thread 0x0000025ea8e21000 DEOPT UNPACKING pc=0x0000025e8e3476ce sp=0x000000f9a31f9488 mode 0
Event: 4.885 Thread 0x0000025ea8e21000 DEOPT PACKING pc=0x0000025e8efd03aa sp=0x000000f9a31f04e0
Event: 4.885 Thread 0x0000025ea8e21000 DEOPT UNPACKING pc=0x0000025e8e3476ce sp=0x000000f9a31efab8 mode 0
Event: 4.889 Thread 0x0000025ea8e21000 DEOPT PACKING pc=0x0000025e8efd03aa sp=0x000000f9a31f04e0
Event: 4.889 Thread 0x0000025ea8e21000 DEOPT UNPACKING pc=0x0000025e8e3476ce sp=0x000000f9a31efab8 mode 0
Event: 4.892 Thread 0x0000025ea8e21000 DEOPT PACKING pc=0x0000025e8efd03aa sp=0x000000f9a31f04e0
Event: 4.892 Thread 0x0000025ea8e21000 DEOPT UNPACKING pc=0x0000025e8e3476ce sp=0x000000f9a31efab8 mode 0

Classes redefined (0 events):
No events

Internal exceptions (20 events):
Event: 4.894 Thread 0x0000025ea8e21000 Exception <a 'java/security/PrivilegedActionException'{0x00000000853ce9a8}> (0x00000000853ce9a8) thrown at [./src/hotspot/share/prims/jvm.cpp, line 1306]
Event: 4.894 Thread 0x0000025ea8e21000 Exception <a 'java/security/PrivilegedActionException'{0x00000000853cfc68}> (0x00000000853cfc68) thrown at [./src/hotspot/share/prims/jvm.cpp, line 1306]
Event: 4.894 Thread 0x0000025ea8e21000 Exception <a 'java/security/PrivilegedActionException'{0x00000000853d2b78}> (0x00000000853d2b78) thrown at [./src/hotspot/share/prims/jvm.cpp, line 1306]
Event: 4.894 Thread 0x0000025ea8e21000 Exception <a 'java/security/PrivilegedActionException'{0x00000000853d3e38}> (0x00000000853d3e38) thrown at [./src/hotspot/share/prims/jvm.cpp, line 1306]
Event: 4.894 Thread 0x0000025ea8e21000 Exception <a 'java/security/PrivilegedActionException'{0x00000000853d6d50}> (0x00000000853d6d50) thrown at [./src/hotspot/share/prims/jvm.cpp, line 1306]
Event: 4.894 Thread 0x0000025ea8e21000 Exception <a 'java/security/PrivilegedActionException'{0x00000000853d8010}> (0x00000000853d8010) thrown at [./src/hotspot/share/prims/jvm.cpp, line 1306]
Event: 4.894 Thread 0x0000025ea8e21000 Exception <a 'java/security/PrivilegedActionException'{0x00000000853daec8}> (0x00000000853daec8) thrown at [./src/hotspot/share/prims/jvm.cpp, line 1306]
Event: 4.894 Thread 0x0000025ea8e21000 Exception <a 'java/security/PrivilegedActionException'{0x00000000853dc188}> (0x00000000853dc188) thrown at [./src/hotspot/share/prims/jvm.cpp, line 1306]
Event: 4.900 Thread 0x0000025ea8e21000 Exception <a 'java/security/PrivilegedActionException'{0x00000000852a0648}> (0x00000000852a0648) thrown at [./src/hotspot/share/prims/jvm.cpp, line 1306]
Event: 4.900 Thread 0x0000025ea8e21000 Exception <a 'java/security/PrivilegedActionException'{0x00000000852a1908}> (0x00000000852a1908) thrown at [./src/hotspot/share/prims/jvm.cpp, line 1306]
Event: 4.900 Thread 0x0000025ea8e21000 Exception <a 'java/security/PrivilegedActionException'{0x00000000852a47c0}> (0x00000000852a47c0) thrown at [./src/hotspot/share/prims/jvm.cpp, line 1306]
Event: 4.900 Thread 0x0000025ea8e21000 Exception <a 'java/security/PrivilegedActionException'{0x00000000852a5a80}> (0x00000000852a5a80) thrown at [./src/hotspot/share/prims/jvm.cpp, line 1306]
Event: 4.900 Thread 0x0000025ea8e21000 Exception <a 'java/security/PrivilegedActionException'{0x00000000852a89e8}> (0x00000000852a89e8) thrown at [./src/hotspot/share/prims/jvm.cpp, line 1306]
Event: 4.900 Thread 0x0000025ea8e21000 Exception <a 'java/security/PrivilegedActionException'{0x00000000852a9ca8}> (0x00000000852a9ca8) thrown at [./src/hotspot/share/prims/jvm.cpp, line 1306]
Event: 4.900 Thread 0x0000025ea8e21000 Exception <a 'java/security/PrivilegedActionException'{0x00000000852acb68}> (0x00000000852acb68) thrown at [./src/hotspot/share/prims/jvm.cpp, line 1306]
Event: 4.900 Thread 0x0000025ea8e21000 Exception <a 'java/security/PrivilegedActionException'{0x00000000852ade28}> (0x00000000852ade28) thrown at [./src/hotspot/share/prims/jvm.cpp, line 1306]
Event: 4.900 Thread 0x0000025ea8e21000 Exception <a 'java/security/PrivilegedActionException'{0x00000000852b0d38}> (0x00000000852b0d38) thrown at [./src/hotspot/share/prims/jvm.cpp, line 1306]
Event: 4.900 Thread 0x0000025ea8e21000 Exception <a 'java/security/PrivilegedActionException'{0x00000000852b1ff8}> (0x00000000852b1ff8) thrown at [./src/hotspot/share/prims/jvm.cpp, line 1306]
Event: 4.900 Thread 0x0000025ea8e21000 Exception <a 'java/security/PrivilegedActionException'{0x00000000852b4f60}> (0x00000000852b4f60) thrown at [./src/hotspot/share/prims/jvm.cpp, line 1306]
Event: 4.900 Thread 0x0000025ea8e21000 Exception <a 'java/security/PrivilegedActionException'{0x00000000852b6220}> (0x00000000852b6220) thrown at [./src/hotspot/share/prims/jvm.cpp, line 1306]

Events (20 events):
Event: 4.881 loading class org/gradle/api/internal/tasks/DefaultTaskOutputs$TaskOutputUnionFileCollection done
Event: 4.881 loading class org/gradle/api/internal/tasks/DefaultTaskDestroyables
Event: 4.881 loading class org/gradle/api/internal/tasks/DefaultTaskDestroyables done
Event: 4.881 loading class org/gradle/api/internal/tasks/TaskDestroyablesInternal
Event: 4.881 loading class org/gradle/api/internal/tasks/TaskDestroyablesInternal done
Event: 4.881 loading class org/gradle/api/internal/tasks/DefaultTaskLocalState
Event: 4.881 loading class org/gradle/api/internal/tasks/DefaultTaskLocalState done
Event: 4.882 loading class org/gradle/api/internal/project/taskfactory/DefaultTaskClassInfoStore$StandardTaskActionFactory
Event: 4.882 loading class org/gradle/api/internal/project/taskfactory/DefaultTaskClassInfoStore$StandardTaskActionFactory done
Event: 4.882 loading class org/gradle/api/internal/project/taskfactory/StandardTaskAction
Event: 4.882 loading class org/gradle/api/internal/project/taskfactory/StandardTaskAction done
Event: 4.883 loading class groovy/runtime/metaclass/org/gradle/api/tasks/Delete_DecoratedMetaClass
Event: 4.883 loading class groovy/runtime/metaclass/org/gradle/api/tasks/Delete_DecoratedMetaClass done
Event: 4.884 loading class org/gradle/api/tasks/Delete_DecoratedBeanInfo
Event: 4.884 loading class org/gradle/api/tasks/Delete_DecoratedBeanInfo done
Event: 4.884 loading class org/gradle/api/tasks/Delete_DecoratedBeanInfo
Event: 4.884 loading class org/gradle/api/tasks/Delete_DecoratedBeanInfo done
Event: 4.884 loading class org/gradle/api/tasks/Delete_DecoratedBeanInfo
Event: 4.884 loading class org/gradle/api/tasks/Delete_DecoratedBeanInfo done
Event: 4.901 Executing VM operation: G1CollectForAllocation


Dynamic libraries:
0x00007ff61aa90000 - 0x00007ff61aa9a000 	D:\android studio\jre\bin\java.exe
0x00007ffc2b4f0000 - 0x00007ffc2b6e5000 	C:\WINDOWS\SYSTEM32\ntdll.dll
0x00007ffc29540000 - 0x00007ffc295fe000 	C:\WINDOWS\System32\KERNEL32.DLL
0x00007ffc28c10000 - 0x00007ffc28ed9000 	C:\WINDOWS\System32\KERNELBASE.dll
0x00007ffc29180000 - 0x00007ffc29280000 	C:\WINDOWS\System32\ucrtbase.dll
0x00007ffc1bce0000 - 0x00007ffc1bcf9000 	D:\android studio\jre\bin\jli.dll
0x00007ffc16aa0000 - 0x00007ffc16ab7000 	D:\android studio\jre\bin\VCRUNTIME140.dll
0x00007ffc2acd0000 - 0x00007ffc2ae71000 	C:\WINDOWS\System32\USER32.dll
0x00007ffc29470000 - 0x00007ffc29492000 	C:\WINDOWS\System32\win32u.dll
0x00007ffc1fb40000 - 0x00007ffc1fdda000 	C:\WINDOWS\WinSxS\amd64_microsoft.windows.common-controls_6595b64144ccf1df_6.0.19041.1110_none_60b5254171f9507e\COMCTL32.dll
0x00007ffc2ac40000 - 0x00007ffc2ac6b000 	C:\WINDOWS\System32\GDI32.dll
0x00007ffc29de0000 - 0x00007ffc29e7e000 	C:\WINDOWS\System32\msvcrt.dll
0x00007ffc28ee0000 - 0x00007ffc28feb000 	C:\WINDOWS\System32\gdi32full.dll
0x00007ffc294a0000 - 0x00007ffc2953d000 	C:\WINDOWS\System32\msvcp_win.dll
0x00007ffc29f90000 - 0x00007ffc29fc0000 	C:\WINDOWS\System32\IMM32.DLL
0x00007ffbf5d10000 - 0x00007ffbf5dad000 	D:\android studio\jre\bin\msvcp140.dll
0x00007ffbe68a0000 - 0x00007ffbe736f000 	D:\android studio\jre\bin\server\jvm.dll
0x00007ffc2ab90000 - 0x00007ffc2ac3c000 	C:\WINDOWS\System32\ADVAPI32.dll
0x00007ffc2a280000 - 0x00007ffc2a31b000 	C:\WINDOWS\System32\sechost.dll
0x00007ffc2a150000 - 0x00007ffc2a27a000 	C:\WINDOWS\System32\RPCRT4.dll
0x00007ffc2ae80000 - 0x00007ffc2ae88000 	C:\WINDOWS\System32\PSAPI.DLL
0x00007ffc1ae90000 - 0x00007ffc1ae99000 	C:\WINDOWS\SYSTEM32\WSOCK32.dll
0x00007ffc20430000 - 0x00007ffc20457000 	C:\WINDOWS\SYSTEM32\WINMM.dll
0x00007ffc20460000 - 0x00007ffc2046a000 	C:\WINDOWS\SYSTEM32\VERSION.dll
0x00007ffc2ab10000 - 0x00007ffc2ab7b000 	C:\WINDOWS\System32\WS2_32.dll
0x00007ffc26a50000 - 0x00007ffc26a62000 	C:\WINDOWS\SYSTEM32\kernel.appcore.dll
0x00007ffc24290000 - 0x00007ffc242a1000 	D:\android studio\jre\bin\verify.dll
0x00007ffc16520000 - 0x00007ffc16704000 	C:\WINDOWS\SYSTEM32\DBGHELP.DLL
0x00007ffc15f60000 - 0x00007ffc15f8c000 	C:\WINDOWS\SYSTEM32\dbgcore.DLL
0x00007ffc292e0000 - 0x00007ffc29363000 	C:\WINDOWS\System32\bcryptPrimitives.dll
0x00007ffc23210000 - 0x00007ffc23239000 	D:\android studio\jre\bin\java.dll
0x00007ffc24710000 - 0x00007ffc2471b000 	D:\android studio\jre\bin\jimage.dll
0x00007ffc23ee0000 - 0x00007ffc23ef8000 	D:\android studio\jre\bin\zip.dll
0x00007ffc2a3d0000 - 0x00007ffc2ab0f000 	C:\WINDOWS\System32\SHELL32.dll
0x00007ffc26d30000 - 0x00007ffc274c0000 	C:\WINDOWS\SYSTEM32\windows.storage.dll
0x00007ffc29a80000 - 0x00007ffc29dd5000 	C:\WINDOWS\System32\combase.dll
0x00007ffc28590000 - 0x00007ffc285bc000 	C:\WINDOWS\SYSTEM32\Wldp.dll
0x00007ffc2a320000 - 0x00007ffc2a3cd000 	C:\WINDOWS\System32\SHCORE.dll
0x00007ffc2b310000 - 0x00007ffc2b365000 	C:\WINDOWS\System32\shlwapi.dll
0x00007ffc28b50000 - 0x00007ffc28b6f000 	C:\WINDOWS\SYSTEM32\profapi.dll
0x00007ffc23110000 - 0x00007ffc2312a000 	D:\android studio\jre\bin\net.dll
0x00007ffc1f9f0000 - 0x00007ffc1faf8000 	C:\WINDOWS\SYSTEM32\WINHTTP.dll
0x00007ffc282f0000 - 0x00007ffc2835a000 	C:\WINDOWS\system32\mswsock.dll
0x00007ffc20eb0000 - 0x00007ffc20ec4000 	D:\android studio\jre\bin\nio.dll
0x00007ffc20ed0000 - 0x00007ffc20ef7000 	C:\Users\USER\.gradle\native\8bec1ad78214c89d9ad589b4d07fe93259594b29d510b10fafb7a158f7737e5d\windows-amd64\native-platform.dll
0x00007ffc05b10000 - 0x00007ffc05c4d000 	C:\Users\USER\.gradle\native\53dbd7edfb1c66fb8903c78663c9afc45aea4f116125fa6feffd364cf09443e8\windows-amd64\native-platform-file-events.dll
0x00007ffc24280000 - 0x00007ffc2428a000 	D:\android studio\jre\bin\management.dll
0x00007ffc23200000 - 0x00007ffc2320c000 	D:\android studio\jre\bin\management_ext.dll
0x00007ffc284f0000 - 0x00007ffc28508000 	C:\WINDOWS\SYSTEM32\CRYPTSP.dll
0x00007ffc27c70000 - 0x00007ffc27ca4000 	C:\WINDOWS\system32\rsaenh.dll
0x00007ffc28ff0000 - 0x00007ffc29017000 	C:\WINDOWS\System32\bcrypt.dll
0x00007ffc28ad0000 - 0x00007ffc28afe000 	C:\WINDOWS\SYSTEM32\USERENV.dll
0x00007ffc284e0000 - 0x00007ffc284ec000 	C:\WINDOWS\SYSTEM32\CRYPTBASE.dll
0x00007ffc27fe0000 - 0x00007ffc2801b000 	C:\WINDOWS\SYSTEM32\IPHLPAPI.DLL
0x00007ffc2ab80000 - 0x00007ffc2ab88000 	C:\WINDOWS\System32\NSI.dll
0x00007ffc22010000 - 0x00007ffc22027000 	C:\WINDOWS\SYSTEM32\dhcpcsvc6.DLL
0x00007ffc21c80000 - 0x00007ffc21c9d000 	C:\WINDOWS\SYSTEM32\dhcpcsvc.DLL
0x00007ffc28020000 - 0x00007ffc280ec000 	C:\WINDOWS\SYSTEM32\DNSAPI.dll

dbghelp: loaded successfully - version: 4.0.5 - missing functions: none
symbol engine: initialized successfully - sym options: 0x614 - pdb path: .;D:\android studio\jre\bin;C:\WINDOWS\SYSTEM32;C:\WINDOWS\WinSxS\amd64_microsoft.windows.common-controls_6595b64144ccf1df_6.0.19041.1110_none_60b5254171f9507e;D:\android studio\jre\bin\server;C:\Users\USER\.gradle\native\8bec1ad78214c89d9ad589b4d07fe93259594b29d510b10fafb7a158f7737e5d\windows-amd64;C:\Users\USER\.gradle\native\53dbd7edfb1c66fb8903c78663c9afc45aea4f116125fa6feffd364cf09443e8\windows-amd64

VM Arguments:
jvm_args: --add-opens=java.base/java.util=ALL-UNNAMED --add-opens=java.base/java.lang=ALL-UNNAMED --add-opens=java.base/java.lang.invoke=ALL-UNNAMED --add-opens=java.base/java.util=ALL-UNNAMED --add-opens=java.prefs/java.util.prefs=ALL-UNNAMED --add-opens=java.prefs/java.util.prefs=ALL-UNNAMED --add-opens=java.base/java.nio.charset=ALL-UNNAMED --add-opens=java.base/java.net=ALL-UNNAMED --add-opens=java.base/java.util.concurrent.atomic=ALL-UNNAMED -Xmx2048m -Dfile.encoding=UTF-8 -Duser.country=IN -Duser.language=en -Duser.variant 
java_command: org.gradle.launcher.daemon.bootstrap.GradleDaemon 7.0.2
java_class_path (initial): C:\Users\USER\.gradle\wrapper\dists\gradle-7.0.2-bin\857tjihv64xamwrf0h14cai3r\gradle-7.0.2\lib\gradle-launcher-7.0.2.jar
Launcher Type: SUN_STANDARD

[Global flags]
     intx CICompilerCount                          = 3                                         {product} {ergonomic}
     uint ConcGCThreads                            = 2                                         {product} {ergonomic}
     uint G1ConcRefinementThreads                  = 6                                         {product} {ergonomic}
   size_t G1HeapRegionSize                         = 1048576                                   {product} {ergonomic}
    uintx GCDrainStackTargetSize                   = 64                                        {product} {ergonomic}
   size_t InitialHeapSize                          = 134217728                                 {product} {ergonomic}
   size_t MarkStackSize                            = 4194304                                   {product} {ergonomic}
   size_t MaxHeapSize                              = 2147483648                                {product} {command line}
   size_t MaxNewSize                               = 1287651328                                {product} {ergonomic}
   size_t MinHeapDeltaBytes                        = 1048576                                   {product} {ergonomic}
    uintx NonNMethodCodeHeapSize                   = 5830732                                {pd product} {ergonomic}
    uintx NonProfiledCodeHeapSize                  = 122913754                              {pd product} {ergonomic}
    uintx ProfiledCodeHeapSize                     = 122913754                              {pd product} {ergonomic}
    uintx ReservedCodeCacheSize                    = 251658240                              {pd product} {ergonomic}
     bool SegmentedCodeCache                       = true                                      {product} {ergonomic}
     bool UseCompressedClassPointers               = true                                 {lp64_product} {ergonomic}
     bool UseCompressedOops                        = true                                 {lp64_product} {ergonomic}
     bool UseG1GC                                  = true                                      {product} {ergonomic}
     bool UseLargePagesIndividualAllocation        = false                                  {pd product} {ergonomic}

Logging:
Log output configuration:
 #0: stdout all=warning uptime,level,tags
 #1: stderr all=off uptime,level,tags

Environment Variables:
JAVA_HOME=C:\Program Files\Java\jdk1.8.0_301
PATH=C:\Program Files (x86)\Common Files\Oracle\Java\javapath;C:\Program Files\Java\jdk1.8.0_281\bin;";C:\Program Files\nodejs\";C:\Windows\Microsoft.NET\Framework\v4.0.30319;C:\Program Files\Microsoft SQL Server\130\Tools\Binn\;C:\Program Files\Microsoft SQL Server\Client SDK\ODBC\170\Tools\Binn\;C:\Program Files\Git\cmd;C:\Program Files\dotnet\;C:\Program Files\MySQL\MySQL Shell 8.0\bin\;D:\IntelliJ IDEA Community Edition 2021.1.2\bin;;C:\Users\USER\.dotnet\tools
USERNAME=USER
OS=Windows_NT
PROCESSOR_IDENTIFIER=Intel64 Family 6 Model 158 Stepping 10, GenuineIntel



---------------  S Y S T E M  ---------------

OS: Windows 10 , 64 bit Build 19041 (10.0.19041.1202)
OS uptime: 1 days 0:40 hours

CPU:total 6 (initial active 6) (6 cores per cpu, 1 threads per core) family 6 model 158 stepping 10 microcode 0xb4, cmov, cx8, fxsr, mmx, sse, sse2, sse3, ssse3, sse4.1, sse4.2, popcnt, avx, avx2, aes, clmul, erms, 3dnowpref, lzcnt, tsc, tscinvbit, bmi1, bmi2, adx, fma

Memory: 4k page, system-wide physical 8131M (490M free)
TotalPageFile size 11131M (AvailPageFile size 30M)
current process WorkingSet (physical memory assigned to process): 302M, peak: 304M
current process commit charge ("private bytes"): 338M, peak: 388M

vm_info: OpenJDK 64-Bit Server VM (11.0.10+0-b96-7249189) for windows-amd64 JRE (11.0.10+0-b96-7249189), built on Mar 31 2021 21:44:00 by "builder" with MS VC++ 14.0 (VS2015)

END.
