#
# There is insufficient memory for the Java Runtime Environment to continue.
# Native memory allocation (malloc) failed to allocate 1021776 bytes for Chunk::new
# Possible reasons:
#   The system is out of physical RAM or swap space
#   The process is running with CompressedOops enabled, and the Java Heap may be blocking the growth of the native heap
# Possible solutions:
#   Reduce memory load on the system
#   Increase physical memory or swap space
#   Check if swap backing store is full
#   Decrease Java heap size (-Xmx/-Xms)
#   Decrease number of Java threads
#   Decrease Java thread stack sizes (-Xss)
#   Set larger code cache with -XX:ReservedCodeCacheSize=
#   JVM is running with Unscaled Compressed Oops mode in which the Java heap is
#     placed in the first 4GB address space. The Java Heap base address is the
#     maximum limit for the native heap growth. Please use -XX:HeapBaseMinAddress
#     to set the Java Heap base and to place the Java Heap above 4GB virtual address.
# This output file may be truncated or incomplete.
#
#  Out of Memory Error (./src/hotspot/share/memory/arena.cpp:197), pid=3232, tid=13492
#
# JRE version: OpenJDK Runtime Environment (11.0.10) (build 11.0.10+0-b96-7249189)
# Java VM: OpenJDK 64-Bit Server VM (11.0.10+0-b96-7249189, mixed mode, tiered, compressed oops, g1 gc, windows-amd64)
# No core dump will be written. Minidumps are not enabled by default on client versions of Windows
#

---------------  S U M M A R Y ------------

Command Line: --add-opens=java.base/java.util=ALL-UNNAMED --add-opens=java.base/java.lang=ALL-UNNAMED --add-opens=java.base/java.lang.invoke=ALL-UNNAMED --add-opens=java.base/java.util=ALL-UNNAMED --add-opens=java.prefs/java.util.prefs=ALL-UNNAMED --add-opens=java.prefs/java.util.prefs=ALL-UNNAMED --add-opens=java.base/java.nio.charset=ALL-UNNAMED --add-opens=java.base/java.net=ALL-UNNAMED --add-opens=java.base/java.util.concurrent.atomic=ALL-UNNAMED -Xmx2048m -Dfile.encoding=UTF-8 -Duser.country=IN -Duser.language=en -Duser.variant org.gradle.launcher.daemon.bootstrap.GradleDaemon 7.0.2

Host: Intel(R) Core(TM) i5-9400F CPU @ 2.90GHz, 6 cores, 7G,  Windows 10 , 64 bit Build 19041 (10.0.19041.1202)
Time: Fri Oct 15 15:52:13 2021 India Standard Time elapsed time: 6.477023 seconds (0d 0h 0m 6s)

---------------  T H R E A D  ---------------

Current thread (0x000001f94070a800):  JavaThread "C2 CompilerThread1" daemon [_thread_in_native, id=13492, stack(0x0000005f3f700000,0x0000005f3f800000)]


Current CompileTask:
C2:   6477 5643       4       jdk.internal.loader.URLClassPath$JarLoader$2::getManifest (26 bytes)

Stack: [0x0000005f3f700000,0x0000005f3f800000]
Native frames: (J=compiled Java code, j=interpreted, Vv=VM code, C=native code)
V  [jvm.dll+0x5ecfaa]
V  [jvm.dll+0x722bd5]
V  [jvm.dll+0x72412d]
V  [jvm.dll+0x7247e3]
V  [jvm.dll+0x242928]
V  [jvm.dll+0xbc4fc]
V  [jvm.dll+0xbca0c]
V  [jvm.dll+0x352d7d]
V  [jvm.dll+0x320ad3]
V  [jvm.dll+0x31ffca]
V  [jvm.dll+0x1fb602]
V  [jvm.dll+0x1fa7f4]
V  [jvm.dll+0x18354c]
V  [jvm.dll+0x208ee7]
V  [jvm.dll+0x207731]
V  [jvm.dll+0x6eb1cf]
V  [jvm.dll+0x6e3d45]
V  [jvm.dll+0x5ebe96]
C  [ucrtbase.dll+0x21bb2]
C  [KERNEL32.DLL+0x17034]
C  [ntdll.dll+0x52651]


---------------  P R O C E S S  ---------------

Threads class SMR info:
_java_thread_list=0x000001f94199ee20, length=46, elements={
0x000001f92290a000, 0x000001f93d0f5800, 0x000001f93d101000, 0x000001f93da83000,
0x000001f93d10f000, 0x000001f93d110000, 0x000001f93d113800, 0x000001f93d11f800,
0x000001f93d127800, 0x000001f93dbc3800, 0x000001f93f35c800, 0x000001f93dd77800,
0x000001f93ff5b800, 0x000001f93edc8800, 0x000001f93fa08800, 0x000001f93ee22800,
0x000001f93f2d7800, 0x000001f93f2d8800, 0x000001f93f203800, 0x000001f94014e000,
0x000001f940149800, 0x000001f94014e800, 0x000001f94014f800, 0x000001f94014d000,
0x000001f940150000, 0x000001f94014a800, 0x000001f94014b800, 0x000001f94014c000,
0x000001f941331800, 0x000001f941332000, 0x000001f941334800, 0x000001f941333000,
0x000001f94070a800, 0x000001f941333800, 0x000001f941335800, 0x000001f94132f800,
0x000001f941336000, 0x000001f94133c000, 0x000001f941338000, 0x000001f941338800,
0x000001f94133a800, 0x000001f94133c800, 0x000001f94133b000, 0x000001f941337000,
0x000001f94133d800, 0x000001f94133e800
}

Java Threads: ( => current thread )
  0x000001f92290a000 JavaThread "main" [_thread_blocked, id=10408, stack(0x0000005f3ca00000,0x0000005f3cb00000)]
  0x000001f93d0f5800 JavaThread "Reference Handler" daemon [_thread_blocked, id=3052, stack(0x0000005f3d100000,0x0000005f3d200000)]
  0x000001f93d101000 JavaThread "Finalizer" daemon [_thread_blocked, id=6524, stack(0x0000005f3d200000,0x0000005f3d300000)]
  0x000001f93da83000 JavaThread "Signal Dispatcher" daemon [_thread_blocked, id=6200, stack(0x0000005f3d300000,0x0000005f3d400000)]
  0x000001f93d10f000 JavaThread "Attach Listener" daemon [_thread_blocked, id=5812, stack(0x0000005f3d400000,0x0000005f3d500000)]
  0x000001f93d110000 JavaThread "Service Thread" daemon [_thread_blocked, id=11164, stack(0x0000005f3d500000,0x0000005f3d600000)]
  0x000001f93d113800 JavaThread "C2 CompilerThread0" daemon [_thread_blocked, id=12992, stack(0x0000005f3d600000,0x0000005f3d700000)]
  0x000001f93d11f800 JavaThread "C1 CompilerThread0" daemon [_thread_blocked, id=2716, stack(0x0000005f3d700000,0x0000005f3d800000)]
  0x000001f93d127800 JavaThread "Sweeper thread" daemon [_thread_blocked, id=8032, stack(0x0000005f3d800000,0x0000005f3d900000)]
  0x000001f93dbc3800 JavaThread "Common-Cleaner" daemon [_thread_blocked, id=12684, stack(0x0000005f3d900000,0x0000005f3da00000)]
  0x000001f93f35c800 JavaThread "Daemon health stats" [_thread_blocked, id=12192, stack(0x0000005f3de00000,0x0000005f3df00000)]
  0x000001f93dd77800 JavaThread "Incoming local TCP Connector on port 56147" [_thread_in_native, id=6356, stack(0x0000005f3db00000,0x0000005f3dc00000)]
  0x000001f93ff5b800 JavaThread "Daemon periodic checks" [_thread_blocked, id=14000, stack(0x0000005f3df00000,0x0000005f3e000000)]
  0x000001f93edc8800 JavaThread "Daemon" [_thread_blocked, id=4504, stack(0x0000005f3e000000,0x0000005f3e100000)]
  0x000001f93fa08800 JavaThread "Handler for socket connection from /127.0.0.1:56147 to /127.0.0.1:56148" [_thread_in_native, id=10828, stack(0x0000005f3e100000,0x0000005f3e200000)]
  0x000001f93ee22800 JavaThread "Cancel handler" [_thread_blocked, id=12428, stack(0x0000005f3e200000,0x0000005f3e300000)]
  0x000001f93f2d7800 JavaThread "Daemon worker" [_thread_in_native, id=10996, stack(0x0000005f3e300000,0x0000005f3e400000)]
  0x000001f93f2d8800 JavaThread "Asynchronous log dispatcher for DefaultDaemonConnection: socket connection from /127.0.0.1:56147 to /127.0.0.1:56148" [_thread_blocked, id=7600, stack(0x0000005f3e400000,0x0000005f3e500000)]
  0x000001f93f203800 JavaThread "Stdin handler" [_thread_blocked, id=10392, stack(0x0000005f3e500000,0x0000005f3e600000)]
  0x000001f94014e000 JavaThread "Daemon client event forwarder" [_thread_blocked, id=8852, stack(0x0000005f3e600000,0x0000005f3e700000)]
  0x000001f940149800 JavaThread "Cache worker for file hash cache (C:\Users\USER\.gradle\caches\7.0.2\fileHashes)" [_thread_blocked, id=11868, stack(0x0000005f3ea00000,0x0000005f3eb00000)]
  0x000001f94014e800 JavaThread "File lock request listener" [_thread_in_native, id=8652, stack(0x0000005f3eb00000,0x0000005f3ec00000)]
  0x000001f94014f800 JavaThread "Cache worker for journal cache (C:\Users\USER\.gradle\caches\journal-1)" [_thread_blocked, id=7852, stack(0x0000005f3ed00000,0x0000005f3ee00000)]
  0x000001f94014d000 JavaThread "Cache worker for file hash cache (D:\TOTALFITNESSPLUS\.gradle\7.0.2\fileHashes)" [_thread_blocked, id=2488, stack(0x0000005f3ee00000,0x0000005f3ef00000)]
  0x000001f940150000 JavaThread "File watcher server" daemon [_thread_in_native, id=2124, stack(0x0000005f3ef00000,0x0000005f3f000000)]
  0x000001f94014a800 JavaThread "File watcher consumer" daemon [_thread_blocked, id=13580, stack(0x0000005f3f000000,0x0000005f3f100000)]
  0x000001f94014b800 JavaThread "jar transforms" [_thread_blocked, id=8580, stack(0x0000005f3f100000,0x0000005f3f200000)]
  0x000001f94014c000 JavaThread "jar transforms Thread 2" [_thread_blocked, id=14120, stack(0x0000005f3f200000,0x0000005f3f300000)]
  0x000001f941331800 JavaThread "jar transforms Thread 3" [_thread_blocked, id=14104, stack(0x0000005f3f300000,0x0000005f3f400000)]
  0x000001f941332000 JavaThread "jar transforms Thread 4" [_thread_blocked, id=6508, stack(0x0000005f3f400000,0x0000005f3f500000)]
  0x000001f941334800 JavaThread "jar transforms Thread 5" [_thread_blocked, id=13628, stack(0x0000005f3f500000,0x0000005f3f600000)]
  0x000001f941333000 JavaThread "jar transforms Thread 6" [_thread_blocked, id=14080, stack(0x0000005f3f600000,0x0000005f3f700000)]
=>0x000001f94070a800 JavaThread "C2 CompilerThread1" daemon [_thread_in_native, id=13492, stack(0x0000005f3f700000,0x0000005f3f800000)]
  0x000001f941333800 JavaThread "Cache worker for checksums cache (D:\TOTALFITNESSPLUS\.gradle\checksums)" [_thread_blocked, id=13696, stack(0x0000005f3f800000,0x0000005f3f900000)]
  0x000001f941335800 JavaThread "Cache worker for cache directory md-supplier (C:\Users\USER\.gradle\caches\7.0.2\md-supplier)" [_thread_blocked, id=14124, stack(0x0000005f3f900000,0x0000005f3fa00000)]
  0x000001f94132f800 JavaThread "Cache worker for cache directory md-rule (C:\Users\USER\.gradle\caches\7.0.2\md-rule)" [_thread_blocked, id=11596, stack(0x0000005f3fa00000,0x0000005f3fb00000)]
  0x000001f941336000 JavaThread "Cache worker for execution history cache (C:\Users\USER\.gradle\caches\7.0.2\executionHistory)" [_thread_blocked, id=3116, stack(0x0000005f3fb00000,0x0000005f3fc00000)]
  0x000001f94133c000 JavaThread "Cache worker for file content cache (C:\Users\USER\.gradle\caches\7.0.2\fileContent)" [_thread_blocked, id=7352, stack(0x0000005f3fc00000,0x0000005f3fd00000)]
  0x000001f941338000 JavaThread "Cache worker for dependencies-accessors (D:\TOTALFITNESSPLUS\.gradle\7.0.2\dependencies-accessors)" [_thread_blocked, id=10788, stack(0x0000005f3fd00000,0x0000005f3fe00000)]
  0x000001f941338800 JavaThread "Cache worker for Build Output Cleanup Cache (D:\TOTALFITNESSPLUS\.gradle\buildOutputCleanup)" [_thread_blocked, id=11028, stack(0x0000005f3fe00000,0x0000005f3ff00000)]
  0x000001f94133a800 JavaThread "Build operations" [_thread_blocked, id=7092, stack(0x0000005f3ff00000,0x0000005f40000000)]
  0x000001f94133c800 JavaThread "Build operations Thread 2" [_thread_blocked, id=7892, stack(0x0000005f40000000,0x0000005f40100000)]
  0x000001f94133b000 JavaThread "Build operations Thread 3" [_thread_blocked, id=9812, stack(0x0000005f40100000,0x0000005f40200000)]
  0x000001f941337000 JavaThread "Build operations Thread 4" [_thread_blocked, id=8200, stack(0x0000005f40200000,0x0000005f40300000)]
  0x000001f94133d800 JavaThread "Build operations Thread 5" [_thread_blocked, id=12232, stack(0x0000005f40300000,0x0000005f40400000)]
  0x000001f94133e800 JavaThread "Build operations Thread 6" [_thread_blocked, id=4644, stack(0x0000005f40400000,0x0000005f40500000)]

Other Threads:
  0x000001f93d0f3000 VMThread "VM Thread" [stack: 0x0000005f3d000000,0x0000005f3d100000] [id=2544]
  0x000001f93dbd5000 WatcherThread [stack: 0x0000005f3da00000,0x0000005f3db00000] [id=7940]
  0x000001f922923000 GCTaskThread "GC Thread#0" [stack: 0x0000005f3cb00000,0x0000005f3cc00000] [id=6904]
  0x000001f93e4e7000 GCTaskThread "GC Thread#1" [stack: 0x0000005f3dc00000,0x0000005f3dd00000] [id=12168]
  0x000001f93e4e7800 GCTaskThread "GC Thread#2" [stack: 0x0000005f3dd00000,0x0000005f3de00000] [id=10844]
  0x000001f93f90d800 GCTaskThread "GC Thread#3" [stack: 0x0000005f3e700000,0x0000005f3e800000] [id=13008]
  0x000001f93f204800 GCTaskThread "GC Thread#4" [stack: 0x0000005f3e800000,0x0000005f3e900000] [id=12096]
  0x000001f93f50a000 GCTaskThread "GC Thread#5" [stack: 0x0000005f3e900000,0x0000005f3ea00000] [id=11692]
  0x000001f922956000 ConcurrentGCThread "G1 Main Marker" [stack: 0x0000005f3cc00000,0x0000005f3cd00000] [id=10360]
  0x000001f922957000 ConcurrentGCThread "G1 Conc#0" [stack: 0x0000005f3cd00000,0x0000005f3ce00000] [id=5604]
  0x000001f9402fc000 ConcurrentGCThread "G1 Conc#1" [stack: 0x0000005f3ec00000,0x0000005f3ed00000] [id=2088]
  0x000001f9229e3800 ConcurrentGCThread "G1 Refine#0" [stack: 0x0000005f3ce00000,0x0000005f3cf00000] [id=2396]
  0x000001f93cf50800 ConcurrentGCThread "G1 Young RemSet Sampling" [stack: 0x0000005f3cf00000,0x0000005f3d000000] [id=10176]

Threads with active compile tasks:
C2 CompilerThread1   6528 5643       4       jdk.internal.loader.URLClassPath$JarLoader$2::getManifest (26 bytes)

VM state:not at safepoint (normal execution)

VM Mutex/Monitor currently owned by a thread: None

Heap address: 0x0000000080000000, size: 2048 MB, Compressed Oops mode: 32-bit
Narrow klass base: 0x0000000000000000, Narrow klass shift: 3
Compressed class space size: 1073741824 Address: 0x0000000100000000

Heap:
 garbage-first heap   total 157696K, used 89088K [0x0000000080000000, 0x0000000100000000)
  region size 1024K, 28 young (28672K), 7 survivors (7168K)
 Metaspace       used 51236K, capacity 52837K, committed 52992K, reserved 1095680K
  class space    used 6558K, capacity 7060K, committed 7168K, reserved 1048576K
Heap Regions: E=young(eden), S=young(survivor), O=old, HS=humongous(starts), HC=humongous(continues), CS=collection set, F=free, A=archive, TAMS=top-at-mark-start (previous, next)
|   0|0x0000000080000000, 0x0000000080100000, 0x0000000080100000|100%| O|  |TAMS 0x0000000080100000, 0x0000000080000000| Untracked 
|   1|0x0000000080100000, 0x0000000080200000, 0x0000000080200000|100%| O|  |TAMS 0x0000000080200000, 0x0000000080100000| Untracked 
|   2|0x0000000080200000, 0x0000000080300000, 0x0000000080300000|100%| O|  |TAMS 0x0000000080300000, 0x0000000080200000| Untracked 
|   3|0x0000000080300000, 0x0000000080400000, 0x0000000080400000|100%|HS|  |TAMS 0x0000000080400000, 0x0000000080300000| Complete 
|   4|0x0000000080400000, 0x0000000080500000, 0x0000000080500000|100%|HC|  |TAMS 0x0000000080500000, 0x0000000080400000| Complete 
|   5|0x0000000080500000, 0x0000000080600000, 0x0000000080600000|100%|HC|  |TAMS 0x0000000080600000, 0x0000000080500000| Complete 
|   6|0x0000000080600000, 0x0000000080700000, 0x0000000080700000|100%| O|  |TAMS 0x0000000080700000, 0x0000000080600000| Untracked 
|   7|0x0000000080700000, 0x0000000080800000, 0x0000000080800000|100%| O|  |TAMS 0x0000000080800000, 0x0000000080700000| Untracked 
|   8|0x0000000080800000, 0x0000000080900000, 0x0000000080900000|100%| O|  |TAMS 0x0000000080900000, 0x0000000080800000| Untracked 
|   9|0x0000000080900000, 0x0000000080a00000, 0x0000000080a00000|100%| O|  |TAMS 0x0000000080a00000, 0x0000000080900000| Untracked 
|  10|0x0000000080a00000, 0x0000000080b00000, 0x0000000080b00000|100%| O|  |TAMS 0x0000000080b00000, 0x0000000080a00000| Untracked 
|  11|0x0000000080b00000, 0x0000000080c00000, 0x0000000080c00000|100%| O|  |TAMS 0x0000000080c00000, 0x0000000080b00000| Untracked 
|  12|0x0000000080c00000, 0x0000000080d00000, 0x0000000080d00000|100%| O|  |TAMS 0x0000000080d00000, 0x0000000080c00000| Untracked 
|  13|0x0000000080d00000, 0x0000000080e00000, 0x0000000080e00000|100%| O|  |TAMS 0x0000000080e00000, 0x0000000080d00000| Untracked 
|  14|0x0000000080e00000, 0x0000000080f00000, 0x0000000080f00000|100%| O|  |TAMS 0x0000000080f00000, 0x0000000080e00000| Untracked 
|  15|0x0000000080f00000, 0x0000000081000000, 0x0000000081000000|100%| O|  |TAMS 0x0000000081000000, 0x0000000080f00000| Untracked 
|  16|0x0000000081000000, 0x0000000081100000, 0x0000000081100000|100%|HS|  |TAMS 0x0000000081100000, 0x0000000081000000| Complete 
|  17|0x0000000081100000, 0x0000000081200000, 0x0000000081200000|100%|HC|  |TAMS 0x0000000081200000, 0x0000000081100000| Complete 
|  18|0x0000000081200000, 0x0000000081300000, 0x0000000081300000|100%|HS|  |TAMS 0x0000000081300000, 0x0000000081200000| Complete 
|  19|0x0000000081300000, 0x0000000081400000, 0x0000000081400000|100%|HC|  |TAMS 0x0000000081400000, 0x0000000081300000| Complete 
|  20|0x0000000081400000, 0x0000000081500000, 0x0000000081500000|100%|HC|  |TAMS 0x0000000081500000, 0x0000000081400000| Complete 
|  21|0x0000000081500000, 0x0000000081600000, 0x0000000081600000|100%|HS|  |TAMS 0x0000000081600000, 0x0000000081500000| Complete 
|  22|0x0000000081600000, 0x0000000081700000, 0x0000000081700000|100%|HC|  |TAMS 0x0000000081700000, 0x0000000081600000| Complete 
|  23|0x0000000081700000, 0x0000000081800000, 0x0000000081800000|100%|HC|  |TAMS 0x0000000081800000, 0x0000000081700000| Complete 
|  24|0x0000000081800000, 0x0000000081900000, 0x0000000081900000|100%|HC|  |TAMS 0x0000000081900000, 0x0000000081800000| Complete 
|  25|0x0000000081900000, 0x0000000081a00000, 0x0000000081a00000|100%|HC|  |TAMS 0x0000000081a00000, 0x0000000081900000| Complete 
|  26|0x0000000081a00000, 0x0000000081b00000, 0x0000000081b00000|100%| O|  |TAMS 0x0000000081b00000, 0x0000000081a00000| Untracked 
|  27|0x0000000081b00000, 0x0000000081c00000, 0x0000000081c00000|100%| O|  |TAMS 0x0000000081c00000, 0x0000000081b00000| Untracked 
|  28|0x0000000081c00000, 0x0000000081d00000, 0x0000000081d00000|100%| O|  |TAMS 0x0000000081d00000, 0x0000000081c00000| Untracked 
|  29|0x0000000081d00000, 0x0000000081e00000, 0x0000000081e00000|100%| O|  |TAMS 0x0000000081e00000, 0x0000000081d00000| Untracked 
|  30|0x0000000081e00000, 0x0000000081f00000, 0x0000000081f00000|100%| O|  |TAMS 0x0000000081e54c00, 0x0000000081e00000| Untracked 
|  31|0x0000000081f00000, 0x0000000082000000, 0x0000000082000000|100%|HS|  |TAMS 0x0000000081f00000, 0x0000000081f00000| Complete 
|  32|0x0000000082000000, 0x0000000082100000, 0x0000000082100000|100%|HC|  |TAMS 0x0000000082000000, 0x0000000082000000| Complete 
|  33|0x0000000082100000, 0x0000000082200000, 0x0000000082200000|100%|HC|  |TAMS 0x0000000082100000, 0x0000000082100000| Complete 
|  34|0x0000000082200000, 0x0000000082300000, 0x0000000082300000|100%|HC|  |TAMS 0x0000000082200000, 0x0000000082200000| Complete 
|  35|0x0000000082300000, 0x0000000082400000, 0x0000000082400000|100%|HC|  |TAMS 0x0000000082300000, 0x0000000082300000| Complete 
|  36|0x0000000082400000, 0x0000000082500000, 0x0000000082500000|100%|HS|  |TAMS 0x0000000082400000, 0x0000000082400000| Complete 
|  37|0x0000000082500000, 0x0000000082600000, 0x0000000082600000|100%|HC|  |TAMS 0x0000000082500000, 0x0000000082500000| Complete 
|  38|0x0000000082600000, 0x0000000082700000, 0x0000000082700000|100%|HC|  |TAMS 0x0000000082600000, 0x0000000082600000| Complete 
|  39|0x0000000082700000, 0x0000000082800000, 0x0000000082800000|100%| O|  |TAMS 0x0000000082700000, 0x0000000082700000| Untracked 
|  40|0x0000000082800000, 0x0000000082900000, 0x0000000082900000|100%| O|  |TAMS 0x0000000082800000, 0x0000000082800000| Untracked 
|  41|0x0000000082900000, 0x0000000082a00000, 0x0000000082a00000|100%| O|  |TAMS 0x0000000082900000, 0x0000000082900000| Untracked 
|  42|0x0000000082a00000, 0x0000000082b00000, 0x0000000082b00000|100%| O|  |TAMS 0x0000000082a00000, 0x0000000082a00000| Untracked 
|  43|0x0000000082b00000, 0x0000000082c00000, 0x0000000082c00000|100%| O|  |TAMS 0x0000000082b00000, 0x0000000082b00000| Untracked 
|  44|0x0000000082c00000, 0x0000000082d00000, 0x0000000082d00000|100%| O|  |TAMS 0x0000000082c00000, 0x0000000082c00000| Untracked 
|  45|0x0000000082d00000, 0x0000000082e00000, 0x0000000082e00000|100%| O|  |TAMS 0x0000000082d00000, 0x0000000082d00000| Untracked 
|  46|0x0000000082e00000, 0x0000000082f00000, 0x0000000082f00000|100%| O|  |TAMS 0x0000000082e00000, 0x0000000082e00000| Untracked 
|  47|0x0000000082f00000, 0x0000000083000000, 0x0000000083000000|100%| O|  |TAMS 0x0000000082f00000, 0x0000000082f00000| Untracked 
|  48|0x0000000083000000, 0x0000000083100000, 0x0000000083100000|100%| O|  |TAMS 0x0000000083000000, 0x0000000083000000| Untracked 
|  49|0x0000000083100000, 0x0000000083200000, 0x0000000083200000|100%| O|  |TAMS 0x0000000083100000, 0x0000000083100000| Untracked 
|  50|0x0000000083200000, 0x0000000083300000, 0x0000000083300000|100%| O|  |TAMS 0x0000000083200000, 0x0000000083200000| Untracked 
|  51|0x0000000083300000, 0x0000000083400000, 0x0000000083400000|100%| O|  |TAMS 0x0000000083300000, 0x0000000083300000| Untracked 
|  52|0x0000000083400000, 0x0000000083500000, 0x0000000083500000|100%|HS|  |TAMS 0x0000000083400000, 0x0000000083400000| Complete 
|  53|0x0000000083500000, 0x0000000083600000, 0x0000000083600000|100%|HS|  |TAMS 0x0000000083500000, 0x0000000083500000| Complete 
|  54|0x0000000083600000, 0x0000000083700000, 0x0000000083700000|100%|HS|  |TAMS 0x0000000083600000, 0x0000000083600000| Complete 
|  55|0x0000000083700000, 0x0000000083800000, 0x0000000083800000|100%|HS|  |TAMS 0x0000000083700000, 0x0000000083700000| Complete 
|  56|0x0000000083800000, 0x0000000083900000, 0x0000000083900000|100%|HC|  |TAMS 0x0000000083800000, 0x0000000083800000| Complete 
|  57|0x0000000083900000, 0x0000000083a00000, 0x0000000083a00000|100%|HC|  |TAMS 0x0000000083900000, 0x0000000083900000| Complete 
|  58|0x0000000083a00000, 0x0000000083b00000, 0x0000000083b00000|100%|HS|  |TAMS 0x0000000083a00000, 0x0000000083a00000| Complete 
|  59|0x0000000083b00000, 0x0000000083c00000, 0x0000000083c00000|100%|HC|  |TAMS 0x0000000083b00000, 0x0000000083b00000| Complete 
|  60|0x0000000083c00000, 0x0000000083c00000, 0x0000000083d00000|  0%| F|  |TAMS 0x0000000083c00000, 0x0000000083c00000| Untracked 
|  61|0x0000000083d00000, 0x0000000083d00000, 0x0000000083e00000|  0%| F|  |TAMS 0x0000000083d00000, 0x0000000083d00000| Untracked 
|  62|0x0000000083e00000, 0x0000000083e00000, 0x0000000083f00000|  0%| F|  |TAMS 0x0000000083e00000, 0x0000000083e00000| Untracked 
|  63|0x0000000083f00000, 0x0000000083f00000, 0x0000000084000000|  0%| F|  |TAMS 0x0000000083f00000, 0x0000000083f00000| Untracked 
|  64|0x0000000084000000, 0x0000000084000000, 0x0000000084100000|  0%| F|  |TAMS 0x0000000084000000, 0x0000000084000000| Untracked 
|  65|0x0000000084100000, 0x0000000084100000, 0x0000000084200000|  0%| F|  |TAMS 0x0000000084100000, 0x0000000084100000| Untracked 
|  66|0x0000000084200000, 0x0000000084200000, 0x0000000084300000|  0%| F|  |TAMS 0x0000000084200000, 0x0000000084200000| Untracked 
|  67|0x0000000084300000, 0x0000000084300000, 0x0000000084400000|  0%| F|  |TAMS 0x0000000084300000, 0x0000000084300000| Untracked 
|  68|0x0000000084400000, 0x0000000084400000, 0x0000000084500000|  0%| F|  |TAMS 0x0000000084400000, 0x0000000084400000| Untracked 
|  69|0x0000000084500000, 0x0000000084500000, 0x0000000084600000|  0%| F|  |TAMS 0x0000000084500000, 0x0000000084500000| Untracked 
|  70|0x0000000084600000, 0x0000000084600000, 0x0000000084700000|  0%| F|  |TAMS 0x0000000084600000, 0x0000000084600000| Untracked 
|  71|0x0000000084700000, 0x0000000084700000, 0x0000000084800000|  0%| F|  |TAMS 0x0000000084700000, 0x0000000084700000| Untracked 
|  72|0x0000000084800000, 0x0000000084900000, 0x0000000084900000|100%| S|CS|TAMS 0x0000000084800000, 0x0000000084800000| Complete 
|  73|0x0000000084900000, 0x0000000084a00000, 0x0000000084a00000|100%| S|CS|TAMS 0x0000000084900000, 0x0000000084900000| Complete 
|  74|0x0000000084a00000, 0x0000000084b00000, 0x0000000084b00000|100%| S|CS|TAMS 0x0000000084a00000, 0x0000000084a00000| Complete 
|  75|0x0000000084b00000, 0x0000000084c00000, 0x0000000084c00000|100%| S|CS|TAMS 0x0000000084b00000, 0x0000000084b00000| Complete 
|  76|0x0000000084c00000, 0x0000000084d00000, 0x0000000084d00000|100%| S|CS|TAMS 0x0000000084c00000, 0x0000000084c00000| Complete 
|  77|0x0000000084d00000, 0x0000000084d00000, 0x0000000084e00000|  0%| F|  |TAMS 0x0000000084d00000, 0x0000000084d00000| Untracked 
|  78|0x0000000084e00000, 0x0000000084e00000, 0x0000000084f00000|  0%| F|  |TAMS 0x0000000084e00000, 0x0000000084e00000| Untracked 
|  79|0x0000000084f00000, 0x0000000084f00000, 0x0000000085000000|  0%| F|  |TAMS 0x0000000084f00000, 0x0000000084f00000| Untracked 
|  80|0x0000000085000000, 0x0000000085100000, 0x0000000085100000|100%| S|CS|TAMS 0x0000000085000000, 0x0000000085000000| Complete 
|  81|0x0000000085100000, 0x0000000085200000, 0x0000000085200000|100%| S|CS|TAMS 0x0000000085100000, 0x0000000085100000| Complete 
|  82|0x0000000085200000, 0x0000000085200000, 0x0000000085300000|  0%| F|  |TAMS 0x0000000085200000, 0x0000000085200000| Untracked 
|  83|0x0000000085300000, 0x0000000085300000, 0x0000000085400000|  0%| F|  |TAMS 0x0000000085300000, 0x0000000085300000| Untracked 
|  84|0x0000000085400000, 0x0000000085400000, 0x0000000085500000|  0%| F|  |TAMS 0x0000000085400000, 0x0000000085400000| Untracked 
|  85|0x0000000085500000, 0x0000000085500000, 0x0000000085600000|  0%| F|  |TAMS 0x0000000085500000, 0x0000000085500000| Untracked 
|  86|0x0000000085600000, 0x0000000085600000, 0x0000000085700000|  0%| F|  |TAMS 0x0000000085600000, 0x0000000085600000| Untracked 
|  87|0x0000000085700000, 0x0000000085700000, 0x0000000085800000|  0%| F|  |TAMS 0x0000000085700000, 0x0000000085700000| Untracked 
|  88|0x0000000085800000, 0x0000000085800000, 0x0000000085900000|  0%| F|  |TAMS 0x0000000085800000, 0x0000000085800000| Untracked 
|  89|0x0000000085900000, 0x0000000085900000, 0x0000000085a00000|  0%| F|  |TAMS 0x0000000085900000, 0x0000000085900000| Untracked 
|  90|0x0000000085a00000, 0x0000000085a00000, 0x0000000085b00000|  0%| F|  |TAMS 0x0000000085a00000, 0x0000000085a00000| Untracked 
|  91|0x0000000085b00000, 0x0000000085b00000, 0x0000000085c00000|  0%| F|  |TAMS 0x0000000085b00000, 0x0000000085b00000| Untracked 
|  92|0x0000000085c00000, 0x0000000085c00000, 0x0000000085d00000|  0%| F|  |TAMS 0x0000000085c00000, 0x0000000085c00000| Untracked 
|  93|0x0000000085d00000, 0x0000000085d00000, 0x0000000085e00000|  0%| F|  |TAMS 0x0000000085d00000, 0x0000000085d00000| Untracked 
|  94|0x0000000085e00000, 0x0000000085e00000, 0x0000000085f00000|  0%| F|  |TAMS 0x0000000085e00000, 0x0000000085e00000| Untracked 
|  95|0x0000000085f00000, 0x0000000085f00000, 0x0000000086000000|  0%| F|  |TAMS 0x0000000085f00000, 0x0000000085f00000| Untracked 
|  96|0x0000000086000000, 0x0000000086000000, 0x0000000086100000|  0%| F|  |TAMS 0x0000000086000000, 0x0000000086000000| Untracked 
|  97|0x0000000086100000, 0x0000000086100000, 0x0000000086200000|  0%| F|  |TAMS 0x0000000086100000, 0x0000000086100000| Untracked 
|  98|0x0000000086200000, 0x0000000086200000, 0x0000000086300000|  0%| F|  |TAMS 0x0000000086200000, 0x0000000086200000| Untracked 
|  99|0x0000000086300000, 0x0000000086300000, 0x0000000086400000|  0%| F|  |TAMS 0x0000000086300000, 0x0000000086300000| Untracked 
| 100|0x0000000086400000, 0x0000000086400000, 0x0000000086500000|  0%| F|  |TAMS 0x0000000086400000, 0x0000000086400000| Untracked 
| 101|0x0000000086500000, 0x0000000086500000, 0x0000000086600000|  0%| F|  |TAMS 0x0000000086500000, 0x0000000086500000| Untracked 
| 102|0x0000000086600000, 0x0000000086600000, 0x0000000086700000|  0%| F|  |TAMS 0x0000000086600000, 0x0000000086600000| Untracked 
| 103|0x0000000086700000, 0x0000000086700000, 0x0000000086800000|  0%| F|  |TAMS 0x0000000086700000, 0x0000000086700000| Untracked 
| 104|0x0000000086800000, 0x0000000086800000, 0x0000000086900000|  0%| F|  |TAMS 0x0000000086800000, 0x0000000086800000| Untracked 
| 105|0x0000000086900000, 0x0000000086900000, 0x0000000086a00000|  0%| F|  |TAMS 0x0000000086900000, 0x0000000086900000| Untracked 
| 106|0x0000000086a00000, 0x0000000086a00000, 0x0000000086b00000|  0%| F|  |TAMS 0x0000000086a00000, 0x0000000086a00000| Untracked 
| 107|0x0000000086b00000, 0x0000000086b00000, 0x0000000086c00000|  0%| F|  |TAMS 0x0000000086b00000, 0x0000000086b00000| Untracked 
| 108|0x0000000086c00000, 0x0000000086c00000, 0x0000000086d00000|  0%| F|  |TAMS 0x0000000086c00000, 0x0000000086c00000| Untracked 
| 109|0x0000000086d00000, 0x0000000086d00000, 0x0000000086e00000|  0%| F|  |TAMS 0x0000000086d00000, 0x0000000086d00000| Untracked 
| 110|0x0000000086e00000, 0x0000000086e00000, 0x0000000086f00000|  0%| F|  |TAMS 0x0000000086e00000, 0x0000000086e00000| Untracked 
| 111|0x0000000086f00000, 0x0000000086f00000, 0x0000000087000000|  0%| F|  |TAMS 0x0000000086f00000, 0x0000000086f00000| Untracked 
| 112|0x0000000087000000, 0x0000000087000000, 0x0000000087100000|  0%| F|  |TAMS 0x0000000087000000, 0x0000000087000000| Untracked 
| 113|0x0000000087100000, 0x0000000087100000, 0x0000000087200000|  0%| F|  |TAMS 0x0000000087100000, 0x0000000087100000| Untracked 
| 114|0x0000000087200000, 0x0000000087200000, 0x0000000087300000|  0%| F|  |TAMS 0x0000000087200000, 0x0000000087200000| Untracked 
| 115|0x0000000087300000, 0x0000000087300000, 0x0000000087400000|  0%| F|  |TAMS 0x0000000087300000, 0x0000000087300000| Untracked 
| 116|0x0000000087400000, 0x0000000087400000, 0x0000000087500000|  0%| F|  |TAMS 0x0000000087400000, 0x0000000087400000| Untracked 
| 117|0x0000000087500000, 0x0000000087500000, 0x0000000087600000|  0%| F|  |TAMS 0x0000000087500000, 0x0000000087500000| Untracked 
| 118|0x0000000087600000, 0x0000000087600000, 0x0000000087700000|  0%| F|  |TAMS 0x0000000087600000, 0x0000000087600000| Untracked 
| 119|0x0000000087700000, 0x0000000087700000, 0x0000000087800000|  0%| F|  |TAMS 0x0000000087700000, 0x0000000087700000| Untracked 
| 120|0x0000000087800000, 0x0000000087800000, 0x0000000087900000|  0%| F|  |TAMS 0x0000000087800000, 0x0000000087800000| Untracked 
| 121|0x0000000087900000, 0x0000000087900000, 0x0000000087a00000|  0%| F|  |TAMS 0x0000000087900000, 0x0000000087900000| Untracked 
| 122|0x0000000087a00000, 0x0000000087a00000, 0x0000000087b00000|  0%| F|  |TAMS 0x0000000087a00000, 0x0000000087a00000| Untracked 
| 123|0x0000000087b00000, 0x0000000087b00000, 0x0000000087c00000|  0%| F|  |TAMS 0x0000000087b00000, 0x0000000087b00000| Untracked 
| 124|0x0000000087c00000, 0x0000000087c00000, 0x0000000087d00000|  0%| F|  |TAMS 0x0000000087c00000, 0x0000000087c00000| Untracked 
| 125|0x0000000087d00000, 0x0000000087d00000, 0x0000000087e00000|  0%| F|  |TAMS 0x0000000087d00000, 0x0000000087d00000| Untracked 
| 126|0x0000000087e00000, 0x0000000087e00000, 0x0000000087f00000|  0%| F|  |TAMS 0x0000000087e00000, 0x0000000087e00000| Untracked 
| 127|0x0000000087f00000, 0x0000000087f00000, 0x0000000088000000|  0%| F|  |TAMS 0x0000000087f00000, 0x0000000087f00000| Untracked 
| 128|0x0000000088000000, 0x0000000088000000, 0x0000000088100000|  0%| F|  |TAMS 0x0000000088000000, 0x0000000088000000| Untracked 
| 129|0x0000000088100000, 0x0000000088100000, 0x0000000088200000|  0%| F|  |TAMS 0x0000000088100000, 0x0000000088100000| Untracked 
| 130|0x0000000088200000, 0x0000000088200000, 0x0000000088300000|  0%| F|  |TAMS 0x0000000088200000, 0x0000000088200000| Untracked 
| 131|0x0000000088300000, 0x0000000088300000, 0x0000000088400000|  0%| F|  |TAMS 0x0000000088300000, 0x0000000088300000| Untracked 
| 132|0x0000000088400000, 0x0000000088400000, 0x0000000088500000|  0%| F|  |TAMS 0x0000000088400000, 0x0000000088400000| Untracked 
| 133|0x0000000088500000, 0x0000000088580800, 0x0000000088600000| 50%| E|  |TAMS 0x0000000088500000, 0x0000000088500000| Complete 
| 134|0x0000000088600000, 0x0000000088700000, 0x0000000088700000|100%| E|CS|TAMS 0x0000000088600000, 0x0000000088600000| Complete 
| 135|0x0000000088700000, 0x0000000088800000, 0x0000000088800000|100%| E|CS|TAMS 0x0000000088700000, 0x0000000088700000| Complete 
| 136|0x0000000088800000, 0x0000000088900000, 0x0000000088900000|100%| E|CS|TAMS 0x0000000088800000, 0x0000000088800000| Complete 
| 137|0x0000000088900000, 0x0000000088a00000, 0x0000000088a00000|100%| E|CS|TAMS 0x0000000088900000, 0x0000000088900000| Complete 
| 138|0x0000000088a00000, 0x0000000088b00000, 0x0000000088b00000|100%| E|CS|TAMS 0x0000000088a00000, 0x0000000088a00000| Complete 
| 139|0x0000000088b00000, 0x0000000088c00000, 0x0000000088c00000|100%| E|CS|TAMS 0x0000000088b00000, 0x0000000088b00000| Complete 
| 140|0x0000000088c00000, 0x0000000088d00000, 0x0000000088d00000|100%| E|CS|TAMS 0x0000000088c00000, 0x0000000088c00000| Complete 
| 141|0x0000000088d00000, 0x0000000088e00000, 0x0000000088e00000|100%| E|CS|TAMS 0x0000000088d00000, 0x0000000088d00000| Complete 
| 142|0x0000000088e00000, 0x0000000088f00000, 0x0000000088f00000|100%| E|CS|TAMS 0x0000000088e00000, 0x0000000088e00000| Complete 
| 143|0x0000000088f00000, 0x0000000089000000, 0x0000000089000000|100%| E|CS|TAMS 0x0000000088f00000, 0x0000000088f00000| Complete 
| 144|0x0000000089000000, 0x0000000089100000, 0x0000000089100000|100%| E|CS|TAMS 0x0000000089000000, 0x0000000089000000| Complete 
| 145|0x0000000089100000, 0x0000000089200000, 0x0000000089200000|100%| E|CS|TAMS 0x0000000089100000, 0x0000000089100000| Complete 
| 146|0x0000000089200000, 0x0000000089300000, 0x0000000089300000|100%| E|CS|TAMS 0x0000000089200000, 0x0000000089200000| Complete 
| 147|0x0000000089300000, 0x0000000089400000, 0x0000000089400000|100%| E|CS|TAMS 0x0000000089300000, 0x0000000089300000| Complete 
| 148|0x0000000089400000, 0x0000000089500000, 0x0000000089500000|100%| E|CS|TAMS 0x0000000089400000, 0x0000000089400000| Complete 
| 149|0x0000000089500000, 0x0000000089600000, 0x0000000089600000|100%| E|CS|TAMS 0x0000000089500000, 0x0000000089500000| Complete 
| 150|0x0000000089600000, 0x0000000089700000, 0x0000000089700000|100%| E|CS|TAMS 0x0000000089600000, 0x0000000089600000| Complete 
| 151|0x0000000089700000, 0x0000000089800000, 0x0000000089800000|100%| E|CS|TAMS 0x0000000089700000, 0x0000000089700000| Complete 
| 152|0x0000000089800000, 0x0000000089900000, 0x0000000089900000|100%| E|CS|TAMS 0x0000000089800000, 0x0000000089800000| Complete 
| 153|0x0000000089900000, 0x0000000089a00000, 0x0000000089a00000|100%| E|CS|TAMS 0x0000000089900000, 0x0000000089900000| Complete 

Card table byte_map: [0x000001f936040000,0x000001f936440000] _byte_map_base: 0x000001f935c40000

Marking Bits (Prev, Next): (CMBitMap*) 0x000001f92294cf98, (CMBitMap*) 0x000001f92294cfd0
 Prev Bits: [0x000001f936840000, 0x000001f938840000)
 Next Bits: [0x000001f938840000, 0x000001f93a840000)

Polling page: 0x000001f920fe0000

Metaspace:

Usage:
  Non-class:     44.70 MB capacity,    43.66 MB ( 98%) used,   936.48 KB (  2%) free+waste,   137.44 KB ( <1%) overhead. 
      Class:      6.89 MB capacity,     6.41 MB ( 93%) used,   434.55 KB (  6%) free+waste,    65.94 KB ( <1%) overhead. 
       Both:     51.60 MB capacity,    50.06 MB ( 97%) used,     1.34 MB (  3%) free+waste,   203.38 KB ( <1%) overhead. 

Virtual space:
  Non-class space:       46.00 MB reserved,      44.75 MB ( 97%) committed 
      Class space:        1.00 GB reserved,       7.00 MB ( <1%) committed 
             Both:        1.04 GB reserved,      51.75 MB (  5%) committed 

Chunk freelists:
   Non-Class:  47.00 KB
       Class:  12.00 KB
        Both:  59.00 KB

MaxMetaspaceSize: 17179869184.00 GB
CompressedClassSpaceSize: 1.00 GB

CodeHeap 'non-profiled nmethods': size=120064Kb used=3215Kb max_used=3215Kb free=116849Kb
 bounds [0x000001f92dec0000, 0x000001f92e1f0000, 0x000001f935400000]
CodeHeap 'profiled nmethods': size=120000Kb used=11516Kb max_used=11516Kb free=108484Kb
 bounds [0x000001f926990000, 0x000001f9274d0000, 0x000001f92dec0000]
CodeHeap 'non-nmethods': size=5696Kb used=2221Kb max_used=2258Kb free=3474Kb
 bounds [0x000001f926400000, 0x000001f926670000, 0x000001f926990000]
 total_blobs=6436 nmethods=5638 adapters=709
 compilation: enabled
              stopped_count=0, restarted_count=0
 full_count=0

Compilation events (20 events):
Event: 6.399 Thread 0x000001f94070a800 5634       4       java.lang.Class::getInterfaces (49 bytes)
Event: 6.399 Thread 0x000001f93d11f800 5635       3       java.util.regex.Pattern::range (292 bytes)
Event: 6.400 Thread 0x000001f93d11f800 nmethod 5635 0x000001f9274c3310 code [0x000001f9274c37c0, 0x000001f9274c5a48]
Event: 6.400 Thread 0x000001f93d11f800 5636       3       java.util.jar.Manifest::read (340 bytes)
Event: 6.401 Thread 0x000001f93d11f800 nmethod 5636 0x000001f9274c6610 code [0x000001f9274c6a00, 0x000001f9274c8638]
Event: 6.404 Thread 0x000001f94070a800 nmethod 5634 0x000001f92e1dc190 code [0x000001f92e1dc360, 0x000001f92e1dc9e8]
Event: 6.411 Thread 0x000001f93d11f800 5637       3       com.google.common.collect.MapMakerInternalMap$StrongKeyWeakValueEntry$Helper::newEntry (16 bytes)
Event: 6.412 Thread 0x000001f93d11f800 nmethod 5637 0x000001f9274c9190 code [0x000001f9274c9380, 0x000001f9274c99b8]
Event: 6.412 Thread 0x000001f93d11f800 5638       3       com.google.common.collect.MapMakerInternalMap$StrongKeyWeakValueEntry$Helper::newEntry (12 bytes)
Event: 6.412 Thread 0x000001f93d11f800 nmethod 5638 0x000001f9274c9b90 code [0x000001f9274c9d60, 0x000001f9274ca158]
Event: 6.412 Thread 0x000001f93d11f800 5639       3       com.google.common.collect.MapMakerInternalMap$StrongKeyWeakValueEntry$Helper::setValue (14 bytes)
Event: 6.412 Thread 0x000001f93d11f800 nmethod 5639 0x000001f9274ca310 code [0x000001f9274ca520, 0x000001f9274cabd8]
Event: 6.412 Thread 0x000001f93d11f800 5640       3       com.google.common.collect.MapMakerInternalMap$StrongKeyWeakValueEntry$Helper::setValue (10 bytes)
Event: 6.412 Thread 0x000001f93d11f800 nmethod 5640 0x000001f9274cae90 code [0x000001f9274cb080, 0x000001f9274cb518]
Event: 6.412 Thread 0x000001f93d11f800 5641       3       com.google.common.collect.MapMakerInternalMap$StrongKeyWeakValueEntry::setValue (26 bytes)
Event: 6.413 Thread 0x000001f93d11f800 nmethod 5641 0x000001f9274cb790 code [0x000001f9274cb980, 0x000001f9274cbee8]
Event: 6.418 Thread 0x000001f93d11f800 5642       3       com.google.common.collect.MapMakerInternalMap$StrongKeyWeakValueEntry::getValue (10 bytes)
Event: 6.418 Thread 0x000001f93d11f800 nmethod 5642 0x000001f9274cc090 code [0x000001f9274cc240, 0x000001f9274cc408]
Event: 6.419 Thread 0x000001f93d113800 nmethod 5568 0x000001f92e1dcd10 code [0x000001f92e1dd080, 0x000001f92e1e0430]
Event: 6.441 Thread 0x000001f94070a800 5643       4       jdk.internal.loader.URLClassPath$JarLoader$2::getManifest (26 bytes)

GC Heap History (18 events):
Event: 0.447 GC heap before
{Heap before GC invocations=0 (full 0):
 garbage-first heap   total 131072K, used 27648K [0x0000000080000000, 0x0000000100000000)
  region size 1024K, 22 young (22528K), 0 survivors (0K)
 Metaspace       used 9974K, capacity 10201K, committed 10368K, reserved 1058816K
  class space    used 1036K, capacity 1108K, committed 1152K, reserved 1048576K
}
Event: 0.451 GC heap after
{Heap after GC invocations=1 (full 0):
 garbage-first heap   total 131072K, used 9142K [0x0000000080000000, 0x0000000100000000)
  region size 1024K, 3 young (3072K), 3 survivors (3072K)
 Metaspace       used 9974K, capacity 10201K, committed 10368K, reserved 1058816K
  class space    used 1036K, capacity 1108K, committed 1152K, reserved 1048576K
}
Event: 1.908 GC heap before
{Heap before GC invocations=1 (full 0):
 garbage-first heap   total 131072K, used 83894K [0x0000000080000000, 0x0000000100000000)
  region size 1024K, 76 young (77824K), 3 survivors (3072K)
 Metaspace       used 17730K, capacity 18155K, committed 18432K, reserved 1064960K
  class space    used 2091K, capacity 2249K, committed 2304K, reserved 1048576K
}
Event: 1.913 GC heap after
{Heap after GC invocations=2 (full 0):
 garbage-first heap   total 131072K, used 15718K [0x0000000080000000, 0x0000000100000000)
  region size 1024K, 10 young (10240K), 10 survivors (10240K)
 Metaspace       used 17730K, capacity 18155K, committed 18432K, reserved 1064960K
  class space    used 2091K, capacity 2249K, committed 2304K, reserved 1048576K
}
Event: 2.133 GC heap before
{Heap before GC invocations=2 (full 0):
 garbage-first heap   total 131072K, used 39270K [0x0000000080000000, 0x0000000100000000)
  region size 1024K, 34 young (34816K), 10 survivors (10240K)
 Metaspace       used 20614K, capacity 21123K, committed 21248K, reserved 1067008K
  class space    used 2516K, capacity 2733K, committed 2816K, reserved 1048576K
}
Event: 2.139 GC heap after
{Heap after GC invocations=3 (full 0):
 garbage-first heap   total 131072K, used 16689K [0x0000000080000000, 0x0000000100000000)
  region size 1024K, 1 young (1024K), 1 survivors (1024K)
 Metaspace       used 20614K, capacity 21123K, committed 21248K, reserved 1067008K
  class space    used 2516K, capacity 2733K, committed 2816K, reserved 1048576K
}
Event: 2.817 GC heap before
{Heap before GC invocations=4 (full 0):
 garbage-first heap   total 131072K, used 88369K [0x0000000080000000, 0x0000000100000000)
  region size 1024K, 61 young (62464K), 1 survivors (1024K)
 Metaspace       used 26551K, capacity 27309K, committed 27392K, reserved 1073152K
  class space    used 3498K, capacity 3775K, committed 3840K, reserved 1048576K
}
Event: 2.821 GC heap after
{Heap after GC invocations=5 (full 0):
 garbage-first heap   total 131072K, used 31304K [0x0000000080000000, 0x0000000100000000)
  region size 1024K, 6 young (6144K), 6 survivors (6144K)
 Metaspace       used 26551K, capacity 27309K, committed 27392K, reserved 1073152K
  class space    used 3498K, capacity 3775K, committed 3840K, reserved 1048576K
}
Event: 3.521 GC heap before
{Heap before GC invocations=5 (full 0):
 garbage-first heap   total 131072K, used 86600K [0x0000000080000000, 0x0000000100000000)
  region size 1024K, 62 young (63488K), 6 survivors (6144K)
 Metaspace       used 34855K, capacity 35727K, committed 35840K, reserved 1081344K
  class space    used 4560K, capacity 4899K, committed 4992K, reserved 1048576K
}
Event: 3.529 GC heap after
{Heap after GC invocations=6 (full 0):
 garbage-first heap   total 131072K, used 34798K [0x0000000080000000, 0x0000000100000000)
  region size 1024K, 4 young (4096K), 4 survivors (4096K)
 Metaspace       used 34855K, capacity 35727K, committed 35840K, reserved 1081344K
  class space    used 4560K, capacity 4899K, committed 4992K, reserved 1048576K
}
Event: 3.999 GC heap before
{Heap before GC invocations=7 (full 0):
 garbage-first heap   total 131072K, used 96238K [0x0000000080000000, 0x0000000100000000)
  region size 1024K, 62 young (63488K), 4 survivors (4096K)
 Metaspace       used 40670K, capacity 41698K, committed 41728K, reserved 1085440K
  class space    used 5229K, capacity 5609K, committed 5632K, reserved 1048576K
}
Event: 4.003 GC heap after
{Heap after GC invocations=8 (full 0):
 garbage-first heap   total 131072K, used 38804K [0x0000000080000000, 0x0000000100000000)
  region size 1024K, 8 young (8192K), 8 survivors (8192K)
 Metaspace       used 40670K, capacity 41698K, committed 41728K, reserved 1085440K
  class space    used 5229K, capacity 5609K, committed 5632K, reserved 1048576K
}
Event: 4.708 GC heap before
{Heap before GC invocations=8 (full 0):
 garbage-first heap   total 131072K, used 104340K [0x0000000080000000, 0x0000000100000000)
  region size 1024K, 64 young (65536K), 8 survivors (8192K)
 Metaspace       used 44500K, capacity 45745K, committed 46080K, reserved 1089536K
  class space    used 5601K, capacity 6053K, committed 6144K, reserved 1048576K
}
Event: 4.716 GC heap after
{Heap after GC invocations=9 (full 0):
 garbage-first heap   total 131072K, used 52046K [0x0000000080000000, 0x0000000100000000)
  region size 1024K, 8 young (8192K), 8 survivors (8192K)
 Metaspace       used 44500K, capacity 45745K, committed 46080K, reserved 1089536K
  class space    used 5601K, capacity 6053K, committed 6144K, reserved 1048576K
}
Event: 5.095 GC heap before
{Heap before GC invocations=9 (full 0):
 garbage-first heap   total 131072K, used 101198K [0x0000000080000000, 0x0000000100000000)
  region size 1024K, 56 young (57344K), 8 survivors (8192K)
 Metaspace       used 47512K, capacity 48923K, committed 49152K, reserved 1091584K
  class space    used 6098K, capacity 6559K, committed 6656K, reserved 1048576K
}
Event: 5.102 GC heap after
{Heap after GC invocations=10 (full 0):
 garbage-first heap   total 131072K, used 55657K [0x0000000080000000, 0x0000000100000000)
  region size 1024K, 3 young (3072K), 3 survivors (3072K)
 Metaspace       used 47512K, capacity 48923K, committed 49152K, reserved 1091584K
  class space    used 6098K, capacity 6559K, committed 6656K, reserved 1048576K
}
Event: 6.075 GC heap before
{Heap before GC invocations=10 (full 0):
 garbage-first heap   total 131072K, used 104809K [0x0000000080000000, 0x0000000100000000)
  region size 1024K, 49 young (50176K), 3 survivors (3072K)
 Metaspace       used 49776K, capacity 51280K, committed 51456K, reserved 1093632K
  class space    used 6360K, capacity 6844K, committed 6912K, reserved 1048576K
}
Event: 6.080 GC heap after
{Heap after GC invocations=11 (full 0):
 garbage-first heap   total 157696K, used 63488K [0x0000000080000000, 0x0000000100000000)
  region size 1024K, 7 young (7168K), 7 survivors (7168K)
 Metaspace       used 49776K, capacity 51280K, committed 51456K, reserved 1093632K
  class space    used 6360K, capacity 6844K, committed 6912K, reserved 1048576K
}

Deoptimization events (20 events):
Event: 6.131 Thread 0x000001f93f2d7800 Uncommon trap: trap_request=0xffffff4d fr.pc=0x000001f92e112790 relative=0x0000000000000450
Event: 6.131 Thread 0x000001f93f2d7800 Uncommon trap: reason=unstable_if action=reinterpret pc=0x000001f92e112790 method=java.lang.StringCoding.newStringUTF8NoRepl([BII)Ljava/lang/String; @ 12 c2
Event: 6.131 Thread 0x000001f93f2d7800 DEOPT PACKING pc=0x000001f92e112790 sp=0x0000005f3e3eff10
Event: 6.131 Thread 0x000001f93f2d7800 DEOPT UNPACKING pc=0x000001f9264278af sp=0x0000005f3e3efe10 mode 2
Event: 6.190 Thread 0x000001f93f2d7800 DEOPT PACKING pc=0x000001f926e3ddaa sp=0x0000005f3e3f0060
Event: 6.190 Thread 0x000001f93f2d7800 DEOPT UNPACKING pc=0x000001f9264276ce sp=0x0000005f3e3ef638 mode 0
Event: 6.250 Thread 0x000001f93f2d7800 DEOPT PACKING pc=0x000001f926e3ddaa sp=0x0000005f3e3f0060
Event: 6.250 Thread 0x000001f93f2d7800 DEOPT UNPACKING pc=0x000001f9264276ce sp=0x0000005f3e3ef638 mode 0
Event: 6.368 Thread 0x000001f93f2d7800 Uncommon trap: trap_request=0xffffffc6 fr.pc=0x000001f92dfcae28 relative=0x0000000000000248
Event: 6.368 Thread 0x000001f93f2d7800 Uncommon trap: reason=bimorphic_or_optimized_type_check action=maybe_recompile pc=0x000001f92dfcae28 method=com.google.common.base.CharMatcher.indexIn(Ljava/lang/CharSequence;I)I @ 31 c2
Event: 6.368 Thread 0x000001f93f2d7800 DEOPT PACKING pc=0x000001f92dfcae28 sp=0x0000005f3e3f8490
Event: 6.368 Thread 0x000001f93f2d7800 DEOPT UNPACKING pc=0x000001f9264278af sp=0x0000005f3e3f8438 mode 2
Event: 6.368 Thread 0x000001f93f2d7800 Uncommon trap: trap_request=0xffffffc6 fr.pc=0x000001f92dfcae28 relative=0x0000000000000248
Event: 6.368 Thread 0x000001f93f2d7800 Uncommon trap: reason=bimorphic_or_optimized_type_check action=maybe_recompile pc=0x000001f92dfcae28 method=com.google.common.base.CharMatcher.indexIn(Ljava/lang/CharSequence;I)I @ 31 c2
Event: 6.368 Thread 0x000001f93f2d7800 DEOPT PACKING pc=0x000001f92dfcae28 sp=0x0000005f3e3f8490
Event: 6.368 Thread 0x000001f93f2d7800 DEOPT UNPACKING pc=0x000001f9264278af sp=0x0000005f3e3f8438 mode 2
Event: 6.371 Thread 0x000001f93f2d7800 Uncommon trap: trap_request=0xffffffc6 fr.pc=0x000001f92dfcae28 relative=0x0000000000000248
Event: 6.371 Thread 0x000001f93f2d7800 Uncommon trap: reason=bimorphic_or_optimized_type_check action=maybe_recompile pc=0x000001f92dfcae28 method=com.google.common.base.CharMatcher.indexIn(Ljava/lang/CharSequence;I)I @ 31 c2
Event: 6.371 Thread 0x000001f93f2d7800 DEOPT PACKING pc=0x000001f92dfcae28 sp=0x0000005f3e3f9d60
Event: 6.371 Thread 0x000001f93f2d7800 DEOPT UNPACKING pc=0x000001f9264278af sp=0x0000005f3e3f9d08 mode 2

Classes redefined (0 events):
No events

Internal exceptions (20 events):
Event: 6.034 Thread 0x000001f93f2d7800 Exception <a 'java/security/PrivilegedActionException'{0x000000008524d790}> (0x000000008524d790) thrown at [./src/hotspot/share/prims/jvm.cpp, line 1306]
Event: 6.034 Thread 0x000001f93f2d7800 Exception <a 'java/security/PrivilegedActionException'{0x000000008524ea50}> (0x000000008524ea50) thrown at [./src/hotspot/share/prims/jvm.cpp, line 1306]
Event: 6.034 Thread 0x000001f93f2d7800 Exception <a 'java/security/PrivilegedActionException'{0x0000000085251978}> (0x0000000085251978) thrown at [./src/hotspot/share/prims/jvm.cpp, line 1306]
Event: 6.034 Thread 0x000001f93f2d7800 Exception <a 'java/security/PrivilegedActionException'{0x0000000085252c38}> (0x0000000085252c38) thrown at [./src/hotspot/share/prims/jvm.cpp, line 1306]
Event: 6.034 Thread 0x000001f93f2d7800 Exception <a 'java/security/PrivilegedActionException'{0x0000000085255bb8}> (0x0000000085255bb8) thrown at [./src/hotspot/share/prims/jvm.cpp, line 1306]
Event: 6.034 Thread 0x000001f93f2d7800 Exception <a 'java/security/PrivilegedActionException'{0x0000000085256e78}> (0x0000000085256e78) thrown at [./src/hotspot/share/prims/jvm.cpp, line 1306]
Event: 6.331 Thread 0x000001f93f2d7800 Exception <a 'java/lang/ClassNotFoundException'{0x0000000089418910}: org/gradle/api/tasks/Delete_DecoratedBeanInfo> (0x0000000089418910) thrown at [./src/hotspot/share/classfile/systemDictionary.cpp, line 231]
Event: 6.331 Thread 0x000001f93f2d7800 Exception <a 'java/lang/ClassNotFoundException'{0x0000000089441b20}: org/gradle/api/tasks/DeleteBeanInfo> (0x0000000089441b20) thrown at [./src/hotspot/share/classfile/systemDictionary.cpp, line 231]
Event: 6.332 Thread 0x000001f93f2d7800 Exception <a 'java/lang/ClassNotFoundException'{0x000000008946dc50}: org/gradle/api/internal/ConventionTaskBeanInfo> (0x000000008946dc50) thrown at [./src/hotspot/share/classfile/systemDictionary.cpp, line 231]
Event: 6.332 Thread 0x000001f93f2d7800 Exception <a 'java/lang/ClassNotFoundException'{0x00000000894967c8}: org/gradle/api/DefaultTaskBeanInfo> (0x00000000894967c8) thrown at [./src/hotspot/share/classfile/systemDictionary.cpp, line 231]
Event: 6.333 Thread 0x000001f93f2d7800 Exception <a 'java/lang/ClassNotFoundException'{0x00000000894c33b0}: org/gradle/api/internal/AbstractTaskBeanInfo> (0x00000000894c33b0) thrown at [./src/hotspot/share/classfile/systemDictionary.cpp, line 231]
Event: 6.333 Thread 0x000001f93f2d7800 Exception <a 'java/lang/ClassNotFoundException'{0x00000000894eff58}: org/gradle/api/internal/AbstractTaskCustomizer> (0x00000000894eff58) thrown at [./src/hotspot/share/classfile/systemDictionary.cpp, line 231]
Event: 6.335 Thread 0x000001f93f2d7800 Exception <a 'java/lang/ClassNotFoundException'{0x00000000893614c0}: org/gradle/api/DefaultTaskCustomizer> (0x00000000893614c0) thrown at [./src/hotspot/share/classfile/systemDictionary.cpp, line 231]
Event: 6.337 Thread 0x000001f93f2d7800 Exception <a 'java/lang/ClassNotFoundException'{0x00000000893e2288}: org/gradle/api/internal/ConventionTaskCustomizer> (0x00000000893e2288) thrown at [./src/hotspot/share/classfile/systemDictionary.cpp, line 231]
Event: 6.338 Thread 0x000001f93f2d7800 Exception <a 'java/lang/ClassNotFoundException'{0x000000008921a698}: org/gradle/api/tasks/DeleteCustomizer> (0x000000008921a698) thrown at [./src/hotspot/share/classfile/systemDictionary.cpp, line 231]
Event: 6.339 Thread 0x000001f93f2d7800 Exception <a 'java/lang/ClassNotFoundException'{0x00000000892598d8}: org/gradle/api/tasks/Delete_DecoratedCustomizer> (0x00000000892598d8) thrown at [./src/hotspot/share/classfile/systemDictionary.cpp, line 231]
Event: 6.362 Thread 0x000001f93f2d7800 Exception <a 'java/lang/ClassNotFoundException'{0x000000008917c048}: build_3nxt33p0l9obrrx3q9ami5w2qBeanInfo> (0x000000008917c048) thrown at [./src/hotspot/share/classfile/systemDictionary.cpp, line 231]
Event: 6.362 Thread 0x000001f93f2d7800 Exception <a 'java/lang/ClassNotFoundException'{0x000000008919ae20}: build_3nxt33p0l9obrrx3q9ami5w2qCustomizer> (0x000000008919ae20) thrown at [./src/hotspot/share/classfile/systemDictionary.cpp, line 231]
Event: 6.367 Thread 0x000001f93f2d7800 Exception <a 'java/lang/ClassNotFoundException'{0x000000008901ff18}: org/gradle/plugin/use/internal/PluginRequestCollector$PluginDependenciesSpecImplBeanInfo> (0x000000008901ff18) thrown at [./src/hotspot/share/classfile/systemDictionary.cpp, line 231]
Event: 6.367 Thread 0x000001f93f2d7800 Exception <a 'java/lang/ClassNotFoundException'{0x000000008904ddc8}: org/gradle/plugin/use/internal/PluginRequestCollector$PluginDependenciesSpecImplCustomizer> (0x000000008904ddc8) thrown at [./src/hotspot/share/classfile/systemDictionary.cpp, line 231]

Events (20 events):
Event: 6.467 loading class com/android/build/gradle/options/ProjectOptions
Event: 6.467 loading class com/android/build/gradle/options/ProjectOptions done
Event: 6.469 loading class com/android/build/gradle/internal/scope/ProjectInfo
Event: 6.469 loading class com/android/build/gradle/internal/scope/ProjectInfo done
Event: 6.470 loading class com/google/wireless/android/sdk/stats/GradleBuildProject$PluginType
Event: 6.470 loading class com/google/wireless/android/sdk/stats/GradleBuildProject$PluginType done
Event: 6.471 loading class com/google/protobuf/ProtocolMessageEnum
Event: 6.471 loading class com/google/protobuf/ProtocolMessageEnum done
Event: 6.473 loading class com/google/protobuf/Internal$EnumLite
Event: 6.473 loading class com/google/protobuf/Internal$EnumLite done
Event: 6.474 loading class org/gradle/api/services/BuildServiceSpec
Event: 6.474 loading class org/gradle/api/services/BuildServiceSpec done
Event: 6.474 loading class org/gradle/api/services/BuildServiceSpec
Event: 6.474 loading class org/gradle/api/services/BuildServiceSpec done
Event: 6.474 loading class org/gradle/api/artifacts/repositories/ArtifactRepository
Event: 6.474 loading class org/gradle/api/artifacts/repositories/ArtifactRepository done
Event: 6.474 loading class org/gradle/api/provider/ProviderFactory
Event: 6.474 loading class org/gradle/api/provider/ProviderFactory done
Event: 6.474 loading class com/android/build/gradle/internal/SdkComponentsBuildService
Event: 6.474 loading class com/android/build/gradle/internal/SdkComponentsBuildService done


Dynamic libraries:
0x00007ff61aa90000 - 0x00007ff61aa9a000 	D:\android studio\jre\bin\java.exe
0x00007ffc2b4f0000 - 0x00007ffc2b6e5000 	C:\WINDOWS\SYSTEM32\ntdll.dll
0x00007ffc29540000 - 0x00007ffc295fe000 	C:\WINDOWS\System32\KERNEL32.DLL
0x00007ffc28c10000 - 0x00007ffc28ed9000 	C:\WINDOWS\System32\KERNELBASE.dll
0x00007ffc29180000 - 0x00007ffc29280000 	C:\WINDOWS\System32\ucrtbase.dll
0x00007ffc1bce0000 - 0x00007ffc1bcf9000 	D:\android studio\jre\bin\jli.dll
0x00007ffc16aa0000 - 0x00007ffc16ab7000 	D:\android studio\jre\bin\VCRUNTIME140.dll
0x00007ffc2acd0000 - 0x00007ffc2ae71000 	C:\WINDOWS\System32\USER32.dll
0x00007ffc29470000 - 0x00007ffc29492000 	C:\WINDOWS\System32\win32u.dll
0x00007ffc1fb40000 - 0x00007ffc1fdda000 	C:\WINDOWS\WinSxS\amd64_microsoft.windows.common-controls_6595b64144ccf1df_6.0.19041.1110_none_60b5254171f9507e\COMCTL32.dll
0x00007ffc2ac40000 - 0x00007ffc2ac6b000 	C:\WINDOWS\System32\GDI32.dll
0x00007ffc29de0000 - 0x00007ffc29e7e000 	C:\WINDOWS\System32\msvcrt.dll
0x00007ffc28ee0000 - 0x00007ffc28feb000 	C:\WINDOWS\System32\gdi32full.dll
0x00007ffc294a0000 - 0x00007ffc2953d000 	C:\WINDOWS\System32\msvcp_win.dll
0x00007ffc29f90000 - 0x00007ffc29fc0000 	C:\WINDOWS\System32\IMM32.DLL
0x00007ffbf5d10000 - 0x00007ffbf5dad000 	D:\android studio\jre\bin\msvcp140.dll
0x00007ffbe68a0000 - 0x00007ffbe736f000 	D:\android studio\jre\bin\server\jvm.dll
0x00007ffc2ab90000 - 0x00007ffc2ac3c000 	C:\WINDOWS\System32\ADVAPI32.dll
0x00007ffc2a280000 - 0x00007ffc2a31b000 	C:\WINDOWS\System32\sechost.dll
0x00007ffc2a150000 - 0x00007ffc2a27a000 	C:\WINDOWS\System32\RPCRT4.dll
0x00007ffc2ae80000 - 0x00007ffc2ae88000 	C:\WINDOWS\System32\PSAPI.DLL
0x00007ffc1ae90000 - 0x00007ffc1ae99000 	C:\WINDOWS\SYSTEM32\WSOCK32.dll
0x00007ffc20430000 - 0x00007ffc20457000 	C:\WINDOWS\SYSTEM32\WINMM.dll
0x00007ffc20460000 - 0x00007ffc2046a000 	C:\WINDOWS\SYSTEM32\VERSION.dll
0x00007ffc2ab10000 - 0x00007ffc2ab7b000 	C:\WINDOWS\System32\WS2_32.dll
0x00007ffc26a50000 - 0x00007ffc26a62000 	C:\WINDOWS\SYSTEM32\kernel.appcore.dll
0x00007ffc24290000 - 0x00007ffc242a1000 	D:\android studio\jre\bin\verify.dll
0x00007ffc16520000 - 0x00007ffc16704000 	C:\WINDOWS\SYSTEM32\DBGHELP.DLL
0x00007ffc15f60000 - 0x00007ffc15f8c000 	C:\WINDOWS\SYSTEM32\dbgcore.DLL
0x00007ffc292e0000 - 0x00007ffc29363000 	C:\WINDOWS\System32\bcryptPrimitives.dll
0x00007ffc23210000 - 0x00007ffc23239000 	D:\android studio\jre\bin\java.dll
0x00007ffc24710000 - 0x00007ffc2471b000 	D:\android studio\jre\bin\jimage.dll
0x00007ffc23ee0000 - 0x00007ffc23ef8000 	D:\android studio\jre\bin\zip.dll
0x00007ffc2a3d0000 - 0x00007ffc2ab0f000 	C:\WINDOWS\System32\SHELL32.dll
0x00007ffc26d30000 - 0x00007ffc274c0000 	C:\WINDOWS\SYSTEM32\windows.storage.dll
0x00007ffc29a80000 - 0x00007ffc29dd5000 	C:\WINDOWS\System32\combase.dll
0x00007ffc28590000 - 0x00007ffc285bc000 	C:\WINDOWS\SYSTEM32\Wldp.dll
0x00007ffc2a320000 - 0x00007ffc2a3cd000 	C:\WINDOWS\System32\SHCORE.dll
0x00007ffc2b310000 - 0x00007ffc2b365000 	C:\WINDOWS\System32\shlwapi.dll
0x00007ffc28b50000 - 0x00007ffc28b6f000 	C:\WINDOWS\SYSTEM32\profapi.dll
0x00007ffc23110000 - 0x00007ffc2312a000 	D:\android studio\jre\bin\net.dll
0x00007ffc1f9f0000 - 0x00007ffc1faf8000 	C:\WINDOWS\SYSTEM32\WINHTTP.dll
0x00007ffc282f0000 - 0x00007ffc2835a000 	C:\WINDOWS\system32\mswsock.dll
0x00007ffc20eb0000 - 0x00007ffc20ec4000 	D:\android studio\jre\bin\nio.dll
0x00007ffc20ed0000 - 0x00007ffc20ef7000 	C:\Users\USER\.gradle\native\8bec1ad78214c89d9ad589b4d07fe93259594b29d510b10fafb7a158f7737e5d\windows-amd64\native-platform.dll
0x00007ffc05b10000 - 0x00007ffc05c4d000 	C:\Users\USER\.gradle\native\53dbd7edfb1c66fb8903c78663c9afc45aea4f116125fa6feffd364cf09443e8\windows-amd64\native-platform-file-events.dll
0x00007ffc24280000 - 0x00007ffc2428a000 	D:\android studio\jre\bin\management.dll
0x00007ffc23200000 - 0x00007ffc2320c000 	D:\android studio\jre\bin\management_ext.dll
0x00007ffc284f0000 - 0x00007ffc28508000 	C:\WINDOWS\SYSTEM32\CRYPTSP.dll
0x00007ffc27c70000 - 0x00007ffc27ca4000 	C:\WINDOWS\system32\rsaenh.dll
0x00007ffc28ff0000 - 0x00007ffc29017000 	C:\WINDOWS\System32\bcrypt.dll
0x00007ffc28ad0000 - 0x00007ffc28afe000 	C:\WINDOWS\SYSTEM32\USERENV.dll
0x00007ffc284e0000 - 0x00007ffc284ec000 	C:\WINDOWS\SYSTEM32\CRYPTBASE.dll
0x00007ffc27fe0000 - 0x00007ffc2801b000 	C:\WINDOWS\SYSTEM32\IPHLPAPI.DLL
0x00007ffc2ab80000 - 0x00007ffc2ab88000 	C:\WINDOWS\System32\NSI.dll
0x00007ffc22010000 - 0x00007ffc22027000 	C:\WINDOWS\SYSTEM32\dhcpcsvc6.DLL
0x00007ffc21c80000 - 0x00007ffc21c9d000 	C:\WINDOWS\SYSTEM32\dhcpcsvc.DLL
0x00007ffc28020000 - 0x00007ffc280ec000 	C:\WINDOWS\SYSTEM32\DNSAPI.dll

dbghelp: loaded successfully - version: 4.0.5 - missing functions: none
symbol engine: initialized successfully - sym options: 0x614 - pdb path: .;D:\android studio\jre\bin;C:\WINDOWS\SYSTEM32;C:\WINDOWS\WinSxS\amd64_microsoft.windows.common-controls_6595b64144ccf1df_6.0.19041.1110_none_60b5254171f9507e;D:\android studio\jre\bin\server;C:\Users\USER\.gradle\native\8bec1ad78214c89d9ad589b4d07fe93259594b29d510b10fafb7a158f7737e5d\windows-amd64;C:\Users\USER\.gradle\native\53dbd7edfb1c66fb8903c78663c9afc45aea4f116125fa6feffd364cf09443e8\windows-amd64

VM Arguments:
jvm_args: --add-opens=java.base/java.util=ALL-UNNAMED --add-opens=java.base/java.lang=ALL-UNNAMED --add-opens=java.base/java.lang.invoke=ALL-UNNAMED --add-opens=java.base/java.util=ALL-UNNAMED --add-opens=java.prefs/java.util.prefs=ALL-UNNAMED --add-opens=java.prefs/java.util.prefs=ALL-UNNAMED --add-opens=java.base/java.nio.charset=ALL-UNNAMED --add-opens=java.base/java.net=ALL-UNNAMED --add-opens=java.base/java.util.concurrent.atomic=ALL-UNNAMED -Xmx2048m -Dfile.encoding=UTF-8 -Duser.country=IN -Duser.language=en -Duser.variant 
java_command: org.gradle.launcher.daemon.bootstrap.GradleDaemon 7.0.2
java_class_path (initial): C:\Users\USER\.gradle\wrapper\dists\gradle-7.0.2-bin\857tjihv64xamwrf0h14cai3r\gradle-7.0.2\lib\gradle-launcher-7.0.2.jar
Launcher Type: SUN_STANDARD

[Global flags]
     intx CICompilerCount                          = 3                                         {product} {ergonomic}
     uint ConcGCThreads                            = 2                                         {product} {ergonomic}
     uint G1ConcRefinementThreads                  = 6                                         {product} {ergonomic}
   size_t G1HeapRegionSize                         = 1048576                                   {product} {ergonomic}
    uintx GCDrainStackTargetSize                   = 64                                        {product} {ergonomic}
   size_t InitialHeapSize                          = 134217728                                 {product} {ergonomic}
   size_t MarkStackSize                            = 4194304                                   {product} {ergonomic}
   size_t MaxHeapSize                              = 2147483648                                {product} {command line}
   size_t MaxNewSize                               = 1287651328                                {product} {ergonomic}
   size_t MinHeapDeltaBytes                        = 1048576                                   {product} {ergonomic}
    uintx NonNMethodCodeHeapSize                   = 5830732                                {pd product} {ergonomic}
    uintx NonProfiledCodeHeapSize                  = 122913754                              {pd product} {ergonomic}
    uintx ProfiledCodeHeapSize                     = 122913754                              {pd product} {ergonomic}
    uintx ReservedCodeCacheSize                    = 251658240                              {pd product} {ergonomic}
     bool SegmentedCodeCache                       = true                                      {product} {ergonomic}
     bool UseCompressedClassPointers               = true                                 {lp64_product} {ergonomic}
     bool UseCompressedOops                        = true                                 {lp64_product} {ergonomic}
     bool UseG1GC                                  = true                                      {product} {ergonomic}
     bool UseLargePagesIndividualAllocation        = false                                  {pd product} {ergonomic}

Logging:
Log output configuration:
 #0: stdout all=warning uptime,level,tags
 #1: stderr all=off uptime,level,tags

Environment Variables:
JAVA_HOME=C:\Program Files\Java\jdk1.8.0_301
PATH=C:\Program Files (x86)\Common Files\Oracle\Java\javapath;C:\Program Files\Java\jdk1.8.0_281\bin;";C:\Program Files\nodejs\";C:\Windows\Microsoft.NET\Framework\v4.0.30319;C:\Program Files\Microsoft SQL Server\130\Tools\Binn\;C:\Program Files\Microsoft SQL Server\Client SDK\ODBC\170\Tools\Binn\;C:\Program Files\Git\cmd;C:\Program Files\dotnet\;C:\Program Files\MySQL\MySQL Shell 8.0\bin\;D:\IntelliJ IDEA Community Edition 2021.1.2\bin;;C:\Users\USER\.dotnet\tools
USERNAME=USER
OS=Windows_NT
PROCESSOR_IDENTIFIER=Intel64 Family 6 Model 158 Stepping 10, GenuineIntel



---------------  S Y S T E M  ---------------

OS: Windows 10 , 64 bit Build 19041 (10.0.19041.1202)
OS uptime: 1 days 0:39 hours

CPU:total 6 (initial active 6) (6 cores per cpu, 1 threads per core) family 6 model 158 stepping 10 microcode 0xb4, cmov, cx8, fxsr, mmx, sse, sse2, sse3, ssse3, sse4.1, sse4.2, popcnt, avx, avx2, aes, clmul, erms, 3dnowpref, lzcnt, tsc, tscinvbit, bmi1, bmi2, adx, fma

Memory: 4k page, system-wide physical 8131M (432M free)
TotalPageFile size 11131M (AvailPageFile size 5M)
current process WorkingSet (physical memory assigned to process): 318M, peak: 318M
current process commit charge ("private bytes"): 358M, peak: 359M

vm_info: OpenJDK 64-Bit Server VM (11.0.10+0-b96-7249189) for windows-amd64 JRE (11.0.10+0-b96-7249189), built on Mar 31 2021 21:44:00 by "builder" with MS VC++ 14.0 (VS2015)

END.
